<?xml version="1.0" encoding="UTF-8"?>
<coverage generated="1772665305243" clover="3.2.0">
  <project timestamp="1772665305243" name="All files">
    <metrics statements="460" coveredstatements="412" conditionals="308" coveredconditionals="241" methods="49" coveredmethods="45" elements="817" coveredelements="698" complexity="0" loc="460" ncloc="460" packages="1" files="2" classes="2"/>
    <file name="index.js" path="/Users/domgeshworld/Desktop/AI PLANNER/functions/index.js">
      <metrics statements="368" coveredstatements="320" conditionals="229" coveredconditionals="162" methods="34" coveredmethods="30"/>
      <line num="1" count="1" type="stmt"/>
      <line num="2" count="1" type="stmt"/>
      <line num="10" count="1" type="stmt"/>
      <line num="15" count="1" type="stmt"/>
      <line num="16" count="1" type="stmt"/>
      <line num="17" count="1" type="stmt"/>
      <line num="20" count="1" type="stmt"/>
      <line num="40" count="1" type="stmt"/>
      <line num="41" count="1" type="stmt"/>
      <line num="42" count="1" type="stmt"/>
      <line num="46" count="8" type="stmt"/>
      <line num="47" count="8" type="stmt"/>
      <line num="52" count="1" type="cond" truecount="1" falsecount="1"/>
      <line num="53" count="1" type="stmt"/>
      <line num="57" count="0" type="stmt"/>
      <line num="61" count="7" type="stmt"/>
      <line num="65" count="7" type="cond" truecount="1" falsecount="1"/>
      <line num="66" count="7" type="stmt"/>
      <line num="67" count="7" type="cond" truecount="1" falsecount="1"/>
      <line num="68" count="7" type="stmt"/>
      <line num="70" count="0" type="cond" truecount="0" falsecount="2"/>
      <line num="71" count="0" type="stmt"/>
      <line num="74" count="0" type="stmt"/>
      <line num="76" count="0" type="stmt"/>
      <line num="77" count="0" type="stmt"/>
      <line num="82" count="14" type="cond" truecount="1" falsecount="1"/>
      <line num="83" count="0" type="stmt"/>
      <line num="86" count="14" type="stmt"/>
      <line num="87" count="14" type="stmt"/>
      <line num="88" count="14" type="stmt"/>
      <line num="89" count="14" type="stmt"/>
      <line num="90" count="14" type="stmt"/>
      <line num="91" count="13" type="stmt"/>
      <line num="93" count="13" type="cond" truecount="1" falsecount="1"/>
      <line num="94" count="0" type="stmt"/>
      <line num="96" count="13" type="stmt"/>
      <line num="100" count="7" type="cond" truecount="1" falsecount="1"/>
      <line num="101" count="0" type="stmt"/>
      <line num="104" count="7" type="stmt"/>
      <line num="105" count="7" type="cond" truecount="2" falsecount="0"/>
      <line num="106" count="1" type="stmt"/>
      <line num="109" count="6" type="cond" truecount="1" falsecount="1"/>
      <line num="110" count="0" type="stmt"/>
      <line num="113" count="6" type="stmt"/>
      <line num="117" count="1" type="stmt"/>
      <line num="118" count="4" type="stmt"/>
      <line num="119" count="4" type="cond" truecount="1" falsecount="1"/>
      <line num="120" count="4" type="cond" truecount="1" falsecount="1"/>
      <line num="122" count="4" type="cond" truecount="2" falsecount="0"/>
      <line num="123" count="1" type="stmt"/>
      <line num="125" count="3" type="cond" truecount="1" falsecount="1"/>
      <line num="126" count="0" type="stmt"/>
      <line num="129" count="3" type="cond" truecount="2" falsecount="0"/>
      <line num="130" count="3" type="stmt"/>
      <line num="131" count="3" type="cond" truecount="2" falsecount="0"/>
      <line num="132" count="3" type="stmt"/>
      <line num="134" count="3" type="cond" truecount="5" falsecount="0"/>
      <line num="135" count="1" type="stmt"/>
      <line num="138" count="2" type="stmt"/>
      <line num="139" count="2" type="stmt"/>
      <line num="141" count="1" type="stmt"/>
      <line num="142" count="1" type="stmt"/>
      <line num="143" count="1" type="stmt"/>
      <line num="144" count="1" type="stmt"/>
      <line num="146" count="1" type="stmt"/>
      <line num="147" count="1" type="stmt"/>
      <line num="149" count="1" type="stmt"/>
      <line num="150" count="1" type="stmt"/>
      <line num="155" count="1" type="stmt"/>
      <line num="156" count="6" type="stmt"/>
      <line num="157" count="6" type="cond" truecount="1" falsecount="1"/>
      <line num="158" count="6" type="cond" truecount="1" falsecount="1"/>
      <line num="160" count="6" type="cond" truecount="2" falsecount="0"/>
      <line num="161" count="1" type="stmt"/>
      <line num="163" count="5" type="cond" truecount="1" falsecount="1"/>
      <line num="164" count="0" type="stmt"/>
      <line num="167" count="5" type="cond" truecount="1" falsecount="1"/>
      <line num="168" count="5" type="stmt"/>
      <line num="169" count="5" type="cond" truecount="2" falsecount="0"/>
      <line num="171" count="4" type="stmt"/>
      <line num="172" count="4" type="stmt"/>
      <line num="173" count="3" type="stmt"/>
      <line num="174" count="3" type="cond" truecount="2" falsecount="0"/>
      <line num="175" count="2" type="stmt"/>
      <line num="176" count="2" type="stmt"/>
      <line num="177" count="2" type="stmt"/>
      <line num="179" count="2" type="stmt"/>
      <line num="186" count="2" type="cond" truecount="2" falsecount="0"/>
      <line num="187" count="1" type="stmt"/>
      <line num="188" count="1" type="stmt"/>
      <line num="195" count="2" type="stmt"/>
      <line num="196" count="2" type="stmt"/>
      <line num="198" count="1" type="stmt"/>
      <line num="199" count="1" type="stmt"/>
      <line num="204" count="1" type="stmt"/>
      <line num="205" count="4" type="stmt"/>
      <line num="206" count="4" type="cond" truecount="1" falsecount="1"/>
      <line num="207" count="4" type="cond" truecount="1" falsecount="1"/>
      <line num="209" count="4" type="cond" truecount="2" falsecount="0"/>
      <line num="210" count="1" type="stmt"/>
      <line num="212" count="3" type="cond" truecount="1" falsecount="1"/>
      <line num="213" count="0" type="stmt"/>
      <line num="216" count="3" type="cond" truecount="1" falsecount="1"/>
      <line num="217" count="3" type="stmt"/>
      <line num="218" count="3" type="cond" truecount="2" falsecount="0"/>
      <line num="220" count="2" type="stmt"/>
      <line num="221" count="2" type="stmt"/>
      <line num="222" count="2" type="stmt"/>
      <line num="223" count="2" type="cond" truecount="2" falsecount="0"/>
      <line num="224" count="1" type="stmt"/>
      <line num="225" count="1" type="stmt"/>
      <line num="226" count="1" type="stmt"/>
      <line num="228" count="1" type="stmt"/>
      <line num="229" count="1" type="stmt"/>
      <line num="231" count="0" type="stmt"/>
      <line num="232" count="0" type="stmt"/>
      <line num="237" count="1" type="stmt"/>
      <line num="238" count="17" type="stmt"/>
      <line num="239" count="17" type="cond" truecount="2" falsecount="0"/>
      <line num="240" count="16" type="cond" truecount="2" falsecount="0"/>
      <line num="242" count="15" type="cond" truecount="1" falsecount="1"/>
      <line num="243" count="0" type="stmt"/>
      <line num="245" count="15" type="cond" truecount="1" falsecount="1"/>
      <line num="246" count="0" type="stmt"/>
      <line num="249" count="15" type="cond" truecount="1" falsecount="1"/>
      <line num="250" count="15" type="stmt"/>
      <line num="251" count="15" type="stmt"/>
      <line num="252" count="15" type="stmt"/>
      <line num="254" count="15" type="cond" truecount="2" falsecount="0"/>
      <line num="255" count="14" type="cond" truecount="2" falsecount="0"/>
      <line num="256" count="13" type="cond" truecount="2" falsecount="0"/>
      <line num="258" count="12" type="stmt"/>
      <line num="260" count="12" type="stmt"/>
      <line num="261" count="12" type="stmt"/>
      <line num="262" count="12" type="stmt"/>
      <line num="264" count="12" type="stmt"/>
      <line num="265" count="12" type="stmt"/>
      <line num="266" count="12" type="stmt"/>
      <line num="269" count="12" type="stmt"/>
      <line num="270" count="12" type="stmt"/>
      <line num="271" count="12" type="stmt"/>
      <line num="272" count="12" type="cond" truecount="2" falsecount="0"/>
      <line num="275" count="12" type="stmt"/>
      <line num="276" count="12" type="stmt"/>
      <line num="277" count="12" type="stmt"/>
      <line num="280" count="12" type="cond" truecount="2" falsecount="0"/>
      <line num="281" count="4" type="cond" truecount="4" falsecount="0"/>
      <line num="282" count="1" type="stmt"/>
      <line num="286" count="3" type="stmt"/>
      <line num="287" count="3" type="stmt"/>
      <line num="288" count="3" type="cond" truecount="1" falsecount="1"/>
      <line num="289" count="3" type="stmt"/>
      <line num="292" count="3" type="stmt"/>
      <line num="294" count="3" type="stmt"/>
      <line num="296" count="3" type="stmt"/>
      <line num="299" count="0" type="stmt"/>
      <line num="300" count="0" type="stmt"/>
      <line num="304" count="1" type="stmt"/>
      <line num="305" count="1" type="cond" truecount="3" falsecount="1"/>
      <line num="306" count="1" type="stmt"/>
      <line num="307" count="1" type="stmt"/>
      <line num="311" count="1" type="stmt"/>
      <line num="313" count="1" type="stmt"/>
      <line num="329" count="1" type="stmt"/>
      <line num="334" count="8" type="stmt"/>
      <line num="336" count="8" type="cond" truecount="2" falsecount="0"/>
      <line num="337" count="4" type="stmt"/>
      <line num="338" count="4" type="stmt"/>
      <line num="340" count="3" type="cond" truecount="1" falsecount="1"/>
      <line num="341" count="0" type="stmt"/>
      <line num="344" count="3" type="stmt"/>
      <line num="347" count="3" type="stmt"/>
      <line num="352" count="3" type="stmt"/>
      <line num="353" count="3" type="stmt"/>
      <line num="354" count="3" type="stmt"/>
      <line num="356" count="4" type="cond" truecount="1" falsecount="1"/>
      <line num="358" count="4" type="stmt"/>
      <line num="359" count="4" type="stmt"/>
      <line num="360" count="4" type="cond" truecount="1" falsecount="1"/>
      <line num="362" count="4" type="stmt"/>
      <line num="365" count="4" type="stmt"/>
      <line num="366" count="4" type="cond" truecount="2" falsecount="0"/>
      <line num="369" count="4" type="stmt"/>
      <line num="370" count="4" type="cond" truecount="2" falsecount="0"/>
      <line num="371" count="1" type="stmt"/>
      <line num="372" count="1" type="stmt"/>
      <line num="381" count="1" type="stmt"/>
      <line num="383" count="1" type="stmt"/>
      <line num="387" count="1" type="stmt"/>
      <line num="392" count="1" type="stmt"/>
      <line num="393" count="1" type="stmt"/>
      <line num="397" count="4" type="stmt"/>
      <line num="399" count="4" type="stmt"/>
      <line num="405" count="4" type="cond" truecount="3" falsecount="1"/>
      <line num="406" count="4" type="stmt"/>
      <line num="408" count="4" type="cond" truecount="2" falsecount="0"/>
      <line num="409" count="3" type="stmt"/>
      <line num="410" count="3" type="stmt"/>
      <line num="411" count="3" type="stmt"/>
      <line num="412" count="3" type="stmt"/>
      <line num="413" count="3" type="stmt"/>
      <line num="415" count="0" type="stmt"/>
      <line num="416" count="0" type="stmt"/>
      <line num="419" count="3" type="stmt"/>
      <line num="421" count="1" type="stmt"/>
      <line num="424" count="0" type="stmt"/>
      <line num="428" count="4" type="stmt"/>
      <line num="431" count="4" type="stmt"/>
      <line num="432" count="11" type="cond" truecount="1" falsecount="1"/>
      <line num="433" count="0" type="cond" truecount="0" falsecount="2"/>
      <line num="434" count="0" type="cond" truecount="0" falsecount="2"/>
      <line num="437" count="4" type="stmt"/>
      <line num="438" count="4" type="stmt"/>
      <line num="439" count="4" type="cond" truecount="2" falsecount="0"/>
      <line num="441" count="4" type="cond" truecount="2" falsecount="0"/>
      <line num="442" count="4" type="cond" truecount="2" falsecount="0"/>
      <line num="443" count="4" type="cond" truecount="2" falsecount="0"/>
      <line num="445" count="4" type="cond" truecount="1" falsecount="1"/>
      <line num="446" count="4" type="stmt"/>
      <line num="448" count="0" type="stmt"/>
      <line num="451" count="4" type="stmt"/>
      <line num="452" count="4" type="stmt"/>
      <line num="455" count="3" type="stmt"/>
      <line num="458" count="3" type="cond" truecount="1" falsecount="1"/>
      <line num="459" count="3" type="stmt"/>
      <line num="465" count="6" type="stmt"/>
      <line num="466" count="6" type="stmt"/>
      <line num="468" count="6" type="stmt"/>
      <line num="481" count="6" type="cond" truecount="2" falsecount="0"/>
      <line num="482" count="5" type="stmt"/>
      <line num="483" count="5" type="stmt"/>
      <line num="485" count="5" type="stmt"/>
      <line num="488" count="5" type="stmt"/>
      <line num="489" count="5" type="stmt"/>
      <line num="490" count="5" type="stmt"/>
      <line num="492" count="5" type="stmt"/>
      <line num="501" count="4" type="cond" truecount="1" falsecount="1"/>
      <line num="503" count="4" type="stmt"/>
      <line num="504" count="4" type="stmt"/>
      <line num="506" count="2" type="stmt"/>
      <line num="507" count="2" type="stmt"/>
      <line num="513" count="14" type="stmt"/>
      <line num="514" count="14" type="stmt"/>
      <line num="515" count="14" type="stmt"/>
      <line num="516" count="14" type="stmt"/>
      <line num="517" count="14" type="stmt"/>
      <line num="518" count="14" type="stmt"/>
      <line num="520" count="0" type="stmt"/>
      <line num="521" count="0" type="stmt"/>
      <line num="527" count="14" type="stmt"/>
      <line num="528" count="14" type="stmt"/>
      <line num="529" count="14" type="stmt"/>
      <line num="539" count="14" type="stmt"/>
      <line num="540" count="14" type="stmt"/>
      <line num="542" count="14" type="stmt"/>
      <line num="543" count="14" type="stmt"/>
      <line num="544" count="14" type="stmt"/>
      <line num="550" count="14" type="cond" truecount="2" falsecount="0"/>
      <line num="551" count="4" type="cond" truecount="1" falsecount="1"/>
      <line num="552" count="0" type="stmt"/>
      <line num="553" count="0" type="cond" truecount="0" falsecount="2"/>
      <line num="554" count="0" type="stmt"/>
      <line num="555" count="0" type="stmt"/>
      <line num="556" count="0" type="stmt"/>
      <line num="557" count="0" type="stmt"/>
      <line num="559" count="0" type="stmt"/>
      <line num="561" count="4" type="cond" truecount="1" falsecount="1"/>
      <line num="562" count="0" type="stmt"/>
      <line num="563" count="0" type="stmt"/>
      <line num="566" count="10" type="stmt"/>
      <line num="567" count="10" type="cond" truecount="3" falsecount="1"/>
      <line num="568" count="0" type="stmt"/>
      <line num="570" count="10" type="stmt"/>
      <line num="574" count="4" type="cond" truecount="2" falsecount="3"/>
      <line num="576" count="4" type="stmt"/>
      <line num="577" count="4" type="stmt"/>
      <line num="584" count="11" type="stmt"/>
      <line num="585" count="11" type="stmt"/>
      <line num="586" count="11" type="stmt"/>
      <line num="588" count="11" type="cond" truecount="3" falsecount="1"/>
      <line num="589" count="0" type="stmt"/>
      <line num="591" count="11" type="cond" truecount="1" falsecount="1"/>
      <line num="592" count="0" type="stmt"/>
      <line num="598" count="11" type="cond" truecount="2" falsecount="0"/>
      <line num="603" count="11" type="stmt"/>
      <line num="610" count="11" type="stmt"/>
      <line num="612" count="11" type="stmt"/>
      <line num="613" count="14" type="stmt"/>
      <line num="614" count="14" type="stmt"/>
      <line num="616" count="4" type="stmt"/>
      <line num="618" count="4" type="cond" truecount="2" falsecount="0"/>
      <line num="619" count="3" type="stmt"/>
      <line num="624" count="1" type="cond" truecount="1" falsecount="1"/>
      <line num="628" count="3" type="stmt"/>
      <line num="629" count="3" type="cond" truecount="1" falsecount="1"/>
      <line num="630" count="2" type="cond" truecount="3" falsecount="2"/>
      <line num="631" count="2" type="stmt"/>
      <line num="634" count="2" type="cond" truecount="1" falsecount="1"/>
      <line num="637" count="2" type="stmt"/>
      <line num="642" count="2" type="stmt"/>
      <line num="643" count="4" type="stmt"/>
      <line num="644" count="4" type="stmt"/>
      <line num="647" count="2" type="stmt"/>
      <line num="648" count="2" type="stmt"/>
      <line num="649" count="2" type="stmt"/>
      <line num="651" count="2" type="stmt"/>
      <line num="663" count="2" type="cond" truecount="1" falsecount="1"/>
      <line num="664" count="2" type="cond" truecount="2" falsecount="0"/>
      <line num="667" count="3" type="stmt"/>
      <line num="671" count="3" type="stmt"/>
      <line num="672" count="3" type="stmt"/>
      <line num="673" count="3" type="stmt"/>
      <line num="675" count="3" type="cond" truecount="1" falsecount="1"/>
      <line num="676" count="1" type="cond" truecount="1" falsecount="1"/>
      <line num="677" count="1" type="stmt"/>
      <line num="685" count="1" type="stmt"/>
      <line num="688" count="3" type="stmt"/>
      <line num="693" count="4" type="cond" truecount="1" falsecount="1"/>
      <line num="694" count="2" type="stmt"/>
      <line num="695" count="2" type="stmt"/>
      <line num="697" count="4" type="cond" truecount="2" falsecount="0"/>
      <line num="700" count="2" type="stmt"/>
      <line num="705" count="2" type="stmt"/>
      <line num="706" count="2" type="cond" truecount="4" falsecount="0"/>
      <line num="708" count="1" type="stmt"/>
      <line num="709" count="1" type="stmt"/>
      <line num="711" count="1" type="stmt"/>
      <line num="713" count="1" type="cond" truecount="1" falsecount="1"/>
      <line num="714" count="1" type="stmt"/>
      <line num="715" count="1" type="stmt"/>
      <line num="720" count="1" type="stmt"/>
      <line num="723" count="1" type="stmt"/>
      <line num="727" count="4" type="cond" truecount="4" falsecount="0"/>
      <line num="730" count="1" type="stmt"/>
      <line num="737" count="1" type="stmt"/>
      <line num="739" count="1" type="stmt"/>
      <line num="740" count="1" type="stmt"/>
      <line num="746" count="1" type="stmt"/>
      <line num="748" count="0" type="stmt"/>
      <line num="749" count="0" type="stmt"/>
      <line num="754" count="4" type="cond" truecount="4" falsecount="0"/>
      <line num="757" count="1" type="stmt"/>
      <line num="766" count="1" type="stmt"/>
      <line num="768" count="1" type="stmt"/>
      <line num="769" count="1" type="stmt"/>
      <line num="775" count="1" type="stmt"/>
      <line num="777" count="0" type="stmt"/>
      <line num="778" count="0" type="stmt"/>
      <line num="784" count="3" type="cond" truecount="4" falsecount="1"/>
      <line num="786" count="3" type="cond" truecount="3" falsecount="1"/>
      <line num="787" count="0" type="stmt"/>
      <line num="788" count="0" type="stmt"/>
      <line num="791" count="3" type="stmt"/>
      <line num="792" count="3" type="stmt"/>
      <line num="793" count="3" type="stmt"/>
      <line num="795" count="3" type="stmt"/>
      <line num="796" count="3" type="stmt"/>
      <line num="799" count="3" type="cond" truecount="2" falsecount="0"/>
      <line num="800" count="1" type="stmt"/>
      <line num="810" count="3" type="cond" truecount="1" falsecount="1"/>
      <line num="811" count="3" type="stmt"/>
      <line num="821" count="3" type="stmt"/>
      <line num="828" count="3" type="stmt"/>
      <line num="830" count="0" type="stmt"/>
      <line num="831" count="0" type="stmt"/>
      <line num="839" count="4" type="stmt"/>
      <line num="860" count="4" type="stmt"/>
      <line num="883" count="3" type="stmt"/>
    </file>
    <file name="utils.js" path="/Users/domgeshworld/Desktop/AI PLANNER/functions/utils.js">
      <metrics statements="92" coveredstatements="92" conditionals="79" coveredconditionals="79" methods="15" coveredmethods="15"/>
      <line num="6" count="2" type="stmt"/>
      <line num="9" count="2" type="stmt"/>
      <line num="10" count="2" type="stmt"/>
      <line num="11" count="2" type="stmt"/>
      <line num="12" count="2" type="stmt"/>
      <line num="18" count="2" type="stmt"/>
      <line num="19" count="2" type="stmt"/>
      <line num="23" count="17" type="cond" truecount="2" falsecount="0"/>
      <line num="24" count="14" type="stmt"/>
      <line num="28" count="15" type="cond" truecount="2" falsecount="0"/>
      <line num="29" count="12" type="stmt"/>
      <line num="30" count="12" type="stmt"/>
      <line num="31" count="12" type="stmt"/>
      <line num="32" count="12" type="stmt"/>
      <line num="33" count="12" type="stmt"/>
      <line num="37" count="18" type="stmt"/>
      <line num="38" count="18" type="cond" truecount="4" falsecount="0"/>
      <line num="40" count="14" type="stmt"/>
      <line num="41" count="14" type="stmt"/>
      <line num="42" count="14" type="stmt"/>
      <line num="43" count="14" type="stmt"/>
      <line num="44" count="14" type="stmt"/>
      <line num="45" count="13" type="stmt"/>
      <line num="46" count="11" type="stmt"/>
      <line num="50" count="4" type="stmt"/>
      <line num="51" count="4" type="cond" truecount="2" falsecount="0"/>
      <line num="53" count="2" type="stmt"/>
      <line num="54" count="2" type="stmt"/>
      <line num="55" count="2" type="stmt"/>
      <line num="56" count="2" type="stmt"/>
      <line num="57" count="2" type="stmt"/>
      <line num="58" count="2" type="stmt"/>
      <line num="62" count="7" type="cond" truecount="2" falsecount="0"/>
      <line num="63" count="4" type="stmt"/>
      <line num="64" count="4" type="cond" truecount="2" falsecount="0"/>
      <line num="65" count="2" type="stmt"/>
      <line num="67" count="2" type="cond" truecount="2" falsecount="0"/>
      <line num="68" count="1" type="stmt"/>
      <line num="71" count="1" type="stmt"/>
      <line num="73" count="1" type="stmt"/>
      <line num="79" count="27" type="cond" truecount="2" falsecount="0"/>
      <line num="80" count="27" type="cond" truecount="2" falsecount="0"/>
      <line num="84" count="30" type="cond" truecount="2" falsecount="0"/>
      <line num="85" count="27" type="cond" truecount="2" falsecount="0"/>
      <line num="87" count="26" type="stmt"/>
      <line num="88" count="26" type="cond" truecount="2" falsecount="0"/>
      <line num="90" count="20" type="stmt"/>
      <line num="97" count="16" type="cond" truecount="2" falsecount="0"/>
      <line num="98" count="12" type="stmt"/>
      <line num="99" count="12" type="cond" truecount="2" falsecount="0"/>
      <line num="103" count="16" type="cond" truecount="2" falsecount="0"/>
      <line num="104" count="13" type="stmt"/>
      <line num="105" count="13" type="cond" truecount="4" falsecount="0"/>
      <line num="106" count="9" type="stmt"/>
      <line num="110" count="33" type="cond" truecount="2" falsecount="0"/>
      <line num="111" count="33" type="stmt"/>
      <line num="116" count="32" type="stmt"/>
      <line num="117" count="32" type="stmt"/>
      <line num="121" count="40" type="stmt"/>
      <line num="122" count="40" type="cond" truecount="2" falsecount="0"/>
      <line num="123" count="10" type="cond" truecount="2" falsecount="0"/>
      <line num="125" count="6" type="stmt"/>
      <line num="126" count="6" type="stmt"/>
      <line num="127" count="6" type="stmt"/>
      <line num="131" count="35" type="cond" truecount="2" falsecount="0"/>
      <line num="132" count="3" type="cond" truecount="2" falsecount="0"/>
      <line num="133" count="1" type="stmt"/>
      <line num="134" count="1" type="stmt"/>
      <line num="136" count="2" type="stmt"/>
      <line num="137" count="2" type="stmt"/>
      <line num="138" count="2" type="stmt"/>
      <line num="139" count="2" type="stmt"/>
      <line num="143" count="25" type="cond" truecount="2" falsecount="0"/>
      <line num="144" count="20" type="cond" truecount="2" falsecount="0"/>
      <line num="145" count="18" type="cond" truecount="2" falsecount="0"/>
      <line num="146" count="17" type="stmt"/>
      <line num="150" count="32" type="cond" truecount="4" falsecount="0"/>
      <line num="152" count="27" type="stmt"/>
      <line num="153" count="27" type="stmt"/>
      <line num="156" count="27" type="stmt"/>
      <line num="157" count="27" type="cond" truecount="2" falsecount="0"/>
      <line num="159" count="23" type="stmt"/>
      <line num="160" count="23" type="cond" truecount="2" falsecount="0"/>
      <line num="161" count="23" type="cond" truecount="5" falsecount="0"/>
      <line num="162" count="20" type="cond" truecount="4" falsecount="0"/>
      <line num="164" count="19" type="cond" truecount="4" falsecount="0"/>
      <line num="165" count="19" type="cond" truecount="4" falsecount="0"/>
      <line num="167" count="19" type="stmt"/>
      <line num="168" count="19" type="cond" truecount="2" falsecount="0"/>
      <line num="170" count="17" type="stmt"/>
      <line num="171" count="17" type="stmt"/>
      <line num="174" count="2" type="stmt"/>
    </file>
  </project>
</coverage>
