{"/Users/domgeshworld/Desktop/AI PLANNER/functions/index.js": {"path":"/Users/domgeshworld/Desktop/AI PLANNER/functions/index.js","statementMap":{"0":{"start":{"line":1,"column":22},"end":{"line":1,"column":60}},"1":{"start":{"line":2,"column":14},"end":{"line":2,"column":39}},"2":{"start":{"line":10,"column":0},"end":{"line":12,"column":3}},"3":{"start":{"line":15,"column":39},"end":{"line":15,"column":75}},"4":{"start":{"line":16,"column":23},"end":{"line":16,"column":53}},"5":{"start":{"line":17,"column":30},"end":{"line":17,"column":67}},"6":{"start":{"line":20,"column":15},"end":{"line":20,"column":32}},"7":{"start":{"line":40,"column":4},"end":{"line":40,"column":22}},"8":{"start":{"line":41,"column":18},"end":{"line":41,"column":31}},"9":{"start":{"line":42,"column":25},"end":{"line":42,"column":38}},"10":{"start":{"line":46,"column":19},"end":{"line":46,"column":48}},"11":{"start":{"line":47,"column":4},"end":{"line":47,"column":29}},"12":{"start":{"line":52,"column":4},"end":{"line":52,"column":27}},"13":{"start":{"line":52,"column":15},"end":{"line":52,"column":27}},"14":{"start":{"line":53,"column":4},"end":{"line":53,"column":49}},"15":{"start":{"line":57,"column":4},"end":{"line":57,"column":55}},"16":{"start":{"line":61,"column":4},"end":{"line":61,"column":55}},"17":{"start":{"line":65,"column":4},"end":{"line":65,"column":27}},"18":{"start":{"line":65,"column":15},"end":{"line":65,"column":27}},"19":{"start":{"line":66,"column":4},"end":{"line":78,"column":5}},"20":{"start":{"line":67,"column":8},"end":{"line":69,"column":9}},"21":{"start":{"line":68,"column":12},"end":{"line":68,"column":77}},"22":{"start":{"line":70,"column":8},"end":{"line":72,"column":9}},"23":{"start":{"line":71,"column":12},"end":{"line":71,"column":75}},"24":{"start":{"line":74,"column":8},"end":{"line":74,"column":53}},"25":{"start":{"line":76,"column":8},"end":{"line":76,"column":66}},"26":{"start":{"line":77,"column":8},"end":{"line":77,"column":54}},"27":{"start":{"line":82,"column":4},"end":{"line":84,"column":5}},"28":{"start":{"line":83,"column":8},"end":{"line":83,"column":48}},"29":{"start":{"line":86,"column":23},"end":{"line":86,"column":44}},"30":{"start":{"line":87,"column":17},"end":{"line":87,"column":41}},"31":{"start":{"line":88,"column":4},"end":{"line":88,"column":49}},"32":{"start":{"line":89,"column":19},"end":{"line":89,"column":57}},"33":{"start":{"line":90,"column":21},"end":{"line":90,"column":48}},"34":{"start":{"line":91,"column":18},"end":{"line":91,"column":39}},"35":{"start":{"line":93,"column":4},"end":{"line":95,"column":5}},"36":{"start":{"line":94,"column":8},"end":{"line":94,"column":52}},"37":{"start":{"line":96,"column":4},"end":{"line":96,"column":31}},"38":{"start":{"line":100,"column":4},"end":{"line":102,"column":5}},"39":{"start":{"line":101,"column":8},"end":{"line":101,"column":20}},"40":{"start":{"line":104,"column":38},"end":{"line":104,"column":80}},"41":{"start":{"line":105,"column":4},"end":{"line":107,"column":5}},"42":{"start":{"line":106,"column":8},"end":{"line":106,"column":20}},"43":{"start":{"line":109,"column":4},"end":{"line":111,"column":5}},"44":{"start":{"line":110,"column":8},"end":{"line":110,"column":74}},"45":{"start":{"line":113,"column":4},"end":{"line":113,"column":17}},"46":{"start":{"line":117,"column":0},"end":{"line":152,"column":3}},"47":{"start":{"line":118,"column":4},"end":{"line":118,"column":28}},"48":{"start":{"line":119,"column":4},"end":{"line":119,"column":40}},"49":{"start":{"line":119,"column":33},"end":{"line":119,"column":40}},"50":{"start":{"line":120,"column":4},"end":{"line":120,"column":91}},"51":{"start":{"line":120,"column":30},"end":{"line":120,"column":91}},"52":{"start":{"line":122,"column":4},"end":{"line":124,"column":5}},"53":{"start":{"line":123,"column":8},"end":{"line":123,"column":69}},"54":{"start":{"line":125,"column":4},"end":{"line":127,"column":5}},"55":{"start":{"line":126,"column":8},"end":{"line":126,"column":88}},"56":{"start":{"line":129,"column":17},"end":{"line":129,"column":31}},"57":{"start":{"line":130,"column":18},"end":{"line":130,"column":28}},"58":{"start":{"line":131,"column":22},"end":{"line":131,"column":85}},"59":{"start":{"line":132,"column":23},"end":{"line":132,"column":59}},"60":{"start":{"line":134,"column":4},"end":{"line":136,"column":5}},"61":{"start":{"line":135,"column":8},"end":{"line":135,"column":72}},"62":{"start":{"line":138,"column":4},"end":{"line":151,"column":5}},"63":{"start":{"line":139,"column":26},"end":{"line":139,"column":70}},"64":{"start":{"line":141,"column":29},"end":{"line":141,"column":47}},"65":{"start":{"line":142,"column":19},"end":{"line":142,"column":36}},"66":{"start":{"line":143,"column":24},"end":{"line":143,"column":61}},"67":{"start":{"line":144,"column":8},"end":{"line":144,"column":84}},"68":{"start":{"line":146,"column":8},"end":{"line":146,"column":73}},"69":{"start":{"line":147,"column":8},"end":{"line":147,"column":93}},"70":{"start":{"line":149,"column":8},"end":{"line":149,"column":51}},"71":{"start":{"line":150,"column":8},"end":{"line":150,"column":80}},"72":{"start":{"line":155,"column":0},"end":{"line":201,"column":3}},"73":{"start":{"line":156,"column":4},"end":{"line":156,"column":28}},"74":{"start":{"line":157,"column":4},"end":{"line":157,"column":40}},"75":{"start":{"line":157,"column":33},"end":{"line":157,"column":40}},"76":{"start":{"line":158,"column":4},"end":{"line":158,"column":91}},"77":{"start":{"line":158,"column":30},"end":{"line":158,"column":91}},"78":{"start":{"line":160,"column":4},"end":{"line":162,"column":5}},"79":{"start":{"line":161,"column":8},"end":{"line":161,"column":69}},"80":{"start":{"line":163,"column":4},"end":{"line":165,"column":5}},"81":{"start":{"line":164,"column":8},"end":{"line":164,"column":88}},"82":{"start":{"line":167,"column":17},"end":{"line":167,"column":31}},"83":{"start":{"line":168,"column":18},"end":{"line":168,"column":28}},"84":{"start":{"line":169,"column":4},"end":{"line":169,"column":72}},"85":{"start":{"line":169,"column":16},"end":{"line":169,"column":72}},"86":{"start":{"line":171,"column":4},"end":{"line":200,"column":5}},"87":{"start":{"line":172,"column":29},"end":{"line":172,"column":68}},"88":{"start":{"line":173,"column":26},"end":{"line":173,"column":59}},"89":{"start":{"line":174,"column":8},"end":{"line":174,"column":84}},"90":{"start":{"line":174,"column":24},"end":{"line":174,"column":84}},"91":{"start":{"line":175,"column":19},"end":{"line":175,"column":36}},"92":{"start":{"line":176,"column":24},"end":{"line":176,"column":61}},"93":{"start":{"line":177,"column":21},"end":{"line":177,"column":40}},"94":{"start":{"line":179,"column":27},"end":{"line":184,"column":9}},"95":{"start":{"line":186,"column":8},"end":{"line":193,"column":9}},"96":{"start":{"line":187,"column":24},"end":{"line":187,"column":35}},"97":{"start":{"line":188,"column":12},"end":{"line":192,"column":14}},"98":{"start":{"line":195,"column":8},"end":{"line":195,"column":52}},"99":{"start":{"line":196,"column":8},"end":{"line":196,"column":48}},"100":{"start":{"line":198,"column":8},"end":{"line":198,"column":52}},"101":{"start":{"line":199,"column":8},"end":{"line":199,"column":73}},"102":{"start":{"line":204,"column":0},"end":{"line":234,"column":3}},"103":{"start":{"line":205,"column":4},"end":{"line":205,"column":28}},"104":{"start":{"line":206,"column":4},"end":{"line":206,"column":40}},"105":{"start":{"line":206,"column":33},"end":{"line":206,"column":40}},"106":{"start":{"line":207,"column":4},"end":{"line":207,"column":91}},"107":{"start":{"line":207,"column":30},"end":{"line":207,"column":91}},"108":{"start":{"line":209,"column":4},"end":{"line":211,"column":5}},"109":{"start":{"line":210,"column":8},"end":{"line":210,"column":69}},"110":{"start":{"line":212,"column":4},"end":{"line":214,"column":5}},"111":{"start":{"line":213,"column":8},"end":{"line":213,"column":88}},"112":{"start":{"line":216,"column":17},"end":{"line":216,"column":31}},"113":{"start":{"line":217,"column":18},"end":{"line":217,"column":28}},"114":{"start":{"line":218,"column":4},"end":{"line":218,"column":72}},"115":{"start":{"line":218,"column":16},"end":{"line":218,"column":72}},"116":{"start":{"line":220,"column":4},"end":{"line":233,"column":5}},"117":{"start":{"line":221,"column":29},"end":{"line":221,"column":68}},"118":{"start":{"line":222,"column":26},"end":{"line":222,"column":59}},"119":{"start":{"line":223,"column":8},"end":{"line":223,"column":84}},"120":{"start":{"line":223,"column":24},"end":{"line":223,"column":84}},"121":{"start":{"line":224,"column":19},"end":{"line":224,"column":36}},"122":{"start":{"line":225,"column":24},"end":{"line":225,"column":61}},"123":{"start":{"line":226,"column":8},"end":{"line":226,"column":31}},"124":{"start":{"line":228,"column":8},"end":{"line":228,"column":56}},"125":{"start":{"line":229,"column":8},"end":{"line":229,"column":112}},"126":{"start":{"line":231,"column":8},"end":{"line":231,"column":52}},"127":{"start":{"line":232,"column":8},"end":{"line":232,"column":76}},"128":{"start":{"line":237,"column":0},"end":{"line":461,"column":3}},"129":{"start":{"line":238,"column":4},"end":{"line":238,"column":28}},"130":{"start":{"line":239,"column":4},"end":{"line":239,"column":40}},"131":{"start":{"line":239,"column":33},"end":{"line":239,"column":40}},"132":{"start":{"line":240,"column":4},"end":{"line":240,"column":91}},"133":{"start":{"line":240,"column":30},"end":{"line":240,"column":91}},"134":{"start":{"line":242,"column":4},"end":{"line":244,"column":5}},"135":{"start":{"line":243,"column":8},"end":{"line":243,"column":69}},"136":{"start":{"line":245,"column":4},"end":{"line":247,"column":5}},"137":{"start":{"line":246,"column":8},"end":{"line":246,"column":88}},"138":{"start":{"line":249,"column":17},"end":{"line":249,"column":31}},"139":{"start":{"line":250,"column":18},"end":{"line":250,"column":28}},"140":{"start":{"line":251,"column":17},"end":{"line":251,"column":48}},"141":{"start":{"line":252,"column":24},"end":{"line":252,"column":57}},"142":{"start":{"line":254,"column":4},"end":{"line":254,"column":85}},"143":{"start":{"line":254,"column":16},"end":{"line":254,"column":85}},"144":{"start":{"line":255,"column":4},"end":{"line":255,"column":98}},"145":{"start":{"line":255,"column":39},"end":{"line":255,"column":98}},"146":{"start":{"line":256,"column":4},"end":{"line":256,"column":98}},"147":{"start":{"line":256,"column":22},"end":{"line":256,"column":98}},"148":{"start":{"line":258,"column":37},"end":{"line":258,"column":48}},"149":{"start":{"line":260,"column":4},"end":{"line":460,"column":5}},"150":{"start":{"line":261,"column":26},"end":{"line":261,"column":70}},"151":{"start":{"line":262,"column":8},"end":{"line":262,"column":57}},"152":{"start":{"line":264,"column":27},"end":{"line":264,"column":48}},"153":{"start":{"line":265,"column":21},"end":{"line":265,"column":45}},"154":{"start":{"line":266,"column":8},"end":{"line":266,"column":53}},"155":{"start":{"line":269,"column":19},"end":{"line":269,"column":36}},"156":{"start":{"line":270,"column":24},"end":{"line":270,"column":61}},"157":{"start":{"line":271,"column":24},"end":{"line":271,"column":43}},"158":{"start":{"line":272,"column":23},"end":{"line":272,"column":59}},"159":{"start":{"line":275,"column":25},"end":{"line":275,"column":65}},"160":{"start":{"line":276,"column":22},"end":{"line":276,"column":59}},"161":{"start":{"line":277,"column":23},"end":{"line":277,"column":61}},"162":{"start":{"line":280,"column":8},"end":{"line":330,"column":9}},"163":{"start":{"line":281,"column":12},"end":{"line":283,"column":13}},"164":{"start":{"line":282,"column":16},"end":{"line":282,"column":97}},"165":{"start":{"line":286,"column":31},"end":{"line":286,"column":58}},"166":{"start":{"line":287,"column":39},"end":{"line":287,"column":95}},"167":{"start":{"line":288,"column":12},"end":{"line":288,"column":139}},"168":{"start":{"line":288,"column":37},"end":{"line":288,"column":139}},"169":{"start":{"line":289,"column":27},"end":{"line":289,"column":67}},"170":{"start":{"line":292,"column":12},"end":{"line":292,"column":82}},"171":{"start":{"line":294,"column":27},"end":{"line":294,"column":60}},"172":{"start":{"line":296,"column":47},"end":{"line":302,"column":14}},"173":{"start":{"line":299,"column":20},"end":{"line":299,"column":73}},"174":{"start":{"line":300,"column":20},"end":{"line":300,"column":42}},"175":{"start":{"line":304,"column":30},"end":{"line":304,"column":98}},"176":{"start":{"line":305,"column":12},"end":{"line":308,"column":13}},"177":{"start":{"line":306,"column":16},"end":{"line":306,"column":46}},"178":{"start":{"line":307,"column":16},"end":{"line":307,"column":70}},"179":{"start":{"line":311,"column":25},"end":{"line":311,"column":44}},"180":{"start":{"line":313,"column":12},"end":{"line":328,"column":15}},"181":{"start":{"line":329,"column":12},"end":{"line":329,"column":100}},"182":{"start":{"line":334,"column":18},"end":{"line":334,"column":20}},"183":{"start":{"line":336,"column":8},"end":{"line":449,"column":9}},"184":{"start":{"line":337,"column":12},"end":{"line":337,"column":69}},"185":{"start":{"line":338,"column":12},"end":{"line":338,"column":93}},"186":{"start":{"line":340,"column":12},"end":{"line":342,"column":13}},"187":{"start":{"line":341,"column":16},"end":{"line":341,"column":74}},"188":{"start":{"line":344,"column":12},"end":{"line":344,"column":61}},"189":{"start":{"line":347,"column":46},"end":{"line":350,"column":14}},"190":{"start":{"line":352,"column":12},"end":{"line":352,"column":143}},"191":{"start":{"line":353,"column":12},"end":{"line":353,"column":29}},"192":{"start":{"line":354,"column":12},"end":{"line":354,"column":55}},"193":{"start":{"line":356,"column":15},"end":{"line":449,"column":9}},"194":{"start":{"line":358,"column":12},"end":{"line":358,"column":69}},"195":{"start":{"line":359,"column":12},"end":{"line":359,"column":93}},"196":{"start":{"line":360,"column":12},"end":{"line":360,"column":93}},"197":{"start":{"line":360,"column":35},"end":{"line":360,"column":93}},"198":{"start":{"line":362,"column":34},"end":{"line":362,"column":36}},"199":{"start":{"line":365,"column":33},"end":{"line":365,"column":79}},"200":{"start":{"line":366,"column":12},"end":{"line":366,"column":98}},"201":{"start":{"line":366,"column":34},"end":{"line":366,"column":98}},"202":{"start":{"line":369,"column":32},"end":{"line":369,"column":54}},"203":{"start":{"line":370,"column":12},"end":{"line":394,"column":13}},"204":{"start":{"line":371,"column":16},"end":{"line":371,"column":73}},"205":{"start":{"line":372,"column":33},"end":{"line":380,"column":18}},"206":{"start":{"line":381,"column":16},"end":{"line":381,"column":60}},"207":{"start":{"line":383,"column":16},"end":{"line":386,"column":19}},"208":{"start":{"line":387,"column":16},"end":{"line":390,"column":19}},"209":{"start":{"line":392,"column":16},"end":{"line":392,"column":70}},"210":{"start":{"line":393,"column":16},"end":{"line":393,"column":79}},"211":{"start":{"line":397,"column":12},"end":{"line":397,"column":61}},"212":{"start":{"line":399,"column":29},"end":{"line":402,"column":13}},"213":{"start":{"line":405,"column":12},"end":{"line":425,"column":13}},"214":{"start":{"line":406,"column":43},"end":{"line":406,"column":99}},"215":{"start":{"line":408,"column":16},"end":{"line":422,"column":17}},"216":{"start":{"line":409,"column":45},"end":{"line":418,"column":21}},"217":{"start":{"line":410,"column":24},"end":{"line":417,"column":25}},"218":{"start":{"line":411,"column":43},"end":{"line":411,"column":76}},"219":{"start":{"line":412,"column":43},"end":{"line":412,"column":105}},"220":{"start":{"line":413,"column":28},"end":{"line":413,"column":119}},"221":{"start":{"line":415,"column":28},"end":{"line":415,"column":78}},"222":{"start":{"line":416,"column":28},"end":{"line":416,"column":41}},"223":{"start":{"line":419,"column":20},"end":{"line":419,"column":54}},"224":{"start":{"line":421,"column":20},"end":{"line":421,"column":86}},"225":{"start":{"line":424,"column":16},"end":{"line":424,"column":73}},"226":{"start":{"line":428,"column":28},"end":{"line":428,"column":62}},"227":{"start":{"line":431,"column":30},"end":{"line":435,"column":13}},"228":{"start":{"line":432,"column":16},"end":{"line":432,"column":71}},"229":{"start":{"line":432,"column":51},"end":{"line":432,"column":71}},"230":{"start":{"line":433,"column":16},"end":{"line":433,"column":95}},"231":{"start":{"line":434,"column":16},"end":{"line":434,"column":55}},"232":{"start":{"line":437,"column":34},"end":{"line":437,"column":67}},"233":{"start":{"line":438,"column":32},"end":{"line":438,"column":63}},"234":{"start":{"line":439,"column":33},"end":{"line":439,"column":93}},"235":{"start":{"line":441,"column":12},"end":{"line":441,"column":101}},"236":{"start":{"line":441,"column":35},"end":{"line":441,"column":101}},"237":{"start":{"line":442,"column":12},"end":{"line":442,"column":83}},"238":{"start":{"line":442,"column":33},"end":{"line":442,"column":83}},"239":{"start":{"line":443,"column":12},"end":{"line":443,"column":89}},"240":{"start":{"line":443,"column":30},"end":{"line":443,"column":89}},"241":{"start":{"line":445,"column":12},"end":{"line":446,"column":75}},"242":{"start":{"line":445,"column":46},"end":{"line":445,"column":97}},"243":{"start":{"line":446,"column":17},"end":{"line":446,"column":75}},"244":{"start":{"line":448,"column":12},"end":{"line":448,"column":80}},"245":{"start":{"line":451,"column":8},"end":{"line":451,"column":25}},"246":{"start":{"line":452,"column":8},"end":{"line":452,"column":44}},"247":{"start":{"line":455,"column":8},"end":{"line":455,"column":53}},"248":{"start":{"line":458,"column":28},"end":{"line":458,"column":129}},"249":{"start":{"line":459,"column":8},"end":{"line":459,"column":53}},"250":{"start":{"line":465,"column":4},"end":{"line":508,"column":5}},"251":{"start":{"line":466,"column":8},"end":{"line":466,"column":53}},"252":{"start":{"line":468,"column":26},"end":{"line":479,"column":10}},"253":{"start":{"line":481,"column":8},"end":{"line":481,"column":99}},"254":{"start":{"line":481,"column":27},"end":{"line":481,"column":99}},"255":{"start":{"line":482,"column":26},"end":{"line":482,"column":48}},"256":{"start":{"line":483,"column":35},"end":{"line":483,"column":44}},"257":{"start":{"line":485,"column":8},"end":{"line":485,"column":78}},"258":{"start":{"line":488,"column":21},"end":{"line":488,"column":35}},"259":{"start":{"line":489,"column":21},"end":{"line":489,"column":63}},"260":{"start":{"line":490,"column":8},"end":{"line":490,"column":49}},"261":{"start":{"line":492,"column":26},"end":{"line":499,"column":10}},"262":{"start":{"line":501,"column":8},"end":{"line":501,"column":101}},"263":{"start":{"line":501,"column":27},"end":{"line":501,"column":101}},"264":{"start":{"line":503,"column":8},"end":{"line":503,"column":64}},"265":{"start":{"line":504,"column":8},"end":{"line":504,"column":18}},"266":{"start":{"line":506,"column":8},"end":{"line":506,"column":64}},"267":{"start":{"line":507,"column":8},"end":{"line":507,"column":16}},"268":{"start":{"line":513,"column":23},"end":{"line":513,"column":44}},"269":{"start":{"line":514,"column":15},"end":{"line":514,"column":60}},"270":{"start":{"line":514,"column":32},"end":{"line":514,"column":50}},"271":{"start":{"line":515,"column":4},"end":{"line":522,"column":5}},"272":{"start":{"line":516,"column":25},"end":{"line":516,"column":84}},"273":{"start":{"line":517,"column":8},"end":{"line":517,"column":25}},"274":{"start":{"line":518,"column":8},"end":{"line":518,"column":24}},"275":{"start":{"line":520,"column":8},"end":{"line":520,"column":25}},"276":{"start":{"line":521,"column":8},"end":{"line":521,"column":20}},"277":{"start":{"line":527,"column":4},"end":{"line":527,"column":56}},"278":{"start":{"line":528,"column":19},"end":{"line":528,"column":115}},"279":{"start":{"line":529,"column":20},"end":{"line":537,"column":5}},"280":{"start":{"line":539,"column":18},"end":{"line":539,"column":19}},"281":{"start":{"line":540,"column":23},"end":{"line":540,"column":24}},"282":{"start":{"line":542,"column":4},"end":{"line":579,"column":5}},"283":{"start":{"line":543,"column":8},"end":{"line":578,"column":9}},"284":{"start":{"line":544,"column":29},"end":{"line":548,"column":22}},"285":{"start":{"line":550,"column":12},"end":{"line":564,"column":13}},"286":{"start":{"line":551,"column":16},"end":{"line":560,"column":17}},"287":{"start":{"line":552,"column":20},"end":{"line":552,"column":30}},"288":{"start":{"line":553,"column":20},"end":{"line":558,"column":21}},"289":{"start":{"line":554,"column":38},"end":{"line":554,"column":87}},"290":{"start":{"line":555,"column":24},"end":{"line":555,"column":143}},"291":{"start":{"line":556,"column":24},"end":{"line":556,"column":81}},"292":{"start":{"line":556,"column":53},"end":{"line":556,"column":79}},"293":{"start":{"line":557,"column":24},"end":{"line":557,"column":33}},"294":{"start":{"line":559,"column":20},"end":{"line":559,"column":60}},"295":{"start":{"line":561,"column":16},"end":{"line":561,"column":76}},"296":{"start":{"line":561,"column":44},"end":{"line":561,"column":76}},"297":{"start":{"line":562,"column":29},"end":{"line":562,"column":50}},"298":{"start":{"line":563,"column":16},"end":{"line":563,"column":73}},"299":{"start":{"line":566,"column":27},"end":{"line":566,"column":48}},"300":{"start":{"line":567,"column":12},"end":{"line":569,"column":13}},"301":{"start":{"line":568,"column":16},"end":{"line":568,"column":52}},"302":{"start":{"line":570,"column":12},"end":{"line":570,"column":74}},"303":{"start":{"line":574,"column":12},"end":{"line":574,"column":106}},"304":{"start":{"line":574,"column":94},"end":{"line":574,"column":106}},"305":{"start":{"line":576,"column":12},"end":{"line":576,"column":68}},"306":{"start":{"line":577,"column":12},"end":{"line":577,"column":24}},"307":{"start":{"line":584,"column":21},"end":{"line":584,"column":42}},"308":{"start":{"line":585,"column":28},"end":{"line":585,"column":51}},"309":{"start":{"line":586,"column":25},"end":{"line":586,"column":47}},"310":{"start":{"line":588,"column":4},"end":{"line":590,"column":5}},"311":{"start":{"line":589,"column":8},"end":{"line":589,"column":49}},"312":{"start":{"line":591,"column":4},"end":{"line":593,"column":5}},"313":{"start":{"line":592,"column":8},"end":{"line":592,"column":50}},"314":{"start":{"line":598,"column":8},"end":{"line":600,"column":34}},"315":{"start":{"line":603,"column":19},"end":{"line":608,"column":5}},"316":{"start":{"line":610,"column":20},"end":{"line":610,"column":24}},"317":{"start":{"line":612,"column":4},"end":{"line":622,"column":5}},"318":{"start":{"line":613,"column":8},"end":{"line":621,"column":9}},"319":{"start":{"line":614,"column":12},"end":{"line":614,"column":97}},"320":{"start":{"line":616,"column":12},"end":{"line":616,"column":30}},"321":{"start":{"line":618,"column":12},"end":{"line":620,"column":13}},"322":{"start":{"line":619,"column":16},"end":{"line":619,"column":61}},"323":{"start":{"line":624,"column":4},"end":{"line":624,"column":102}},"324":{"start":{"line":628,"column":17},"end":{"line":628,"column":44}},"325":{"start":{"line":629,"column":4},"end":{"line":666,"column":5}},"326":{"start":{"line":630,"column":8},"end":{"line":665,"column":9}},"327":{"start":{"line":631,"column":30},"end":{"line":631,"column":72}},"328":{"start":{"line":634,"column":12},"end":{"line":634,"column":37}},"329":{"start":{"line":634,"column":28},"end":{"line":634,"column":37}},"330":{"start":{"line":637,"column":28},"end":{"line":637,"column":74}},"331":{"start":{"line":642,"column":31},"end":{"line":645,"column":13}},"332":{"start":{"line":643,"column":31},"end":{"line":643,"column":63}},"333":{"start":{"line":644,"column":16},"end":{"line":644,"column":84}},"334":{"start":{"line":647,"column":26},"end":{"line":647,"column":47}},"335":{"start":{"line":648,"column":26},"end":{"line":648,"column":45}},"336":{"start":{"line":649,"column":12},"end":{"line":649,"column":88}},"337":{"start":{"line":651,"column":12},"end":{"line":662,"column":15}},"338":{"start":{"line":663,"column":12},"end":{"line":663,"column":44}},"339":{"start":{"line":663,"column":28},"end":{"line":663,"column":44}},"340":{"start":{"line":664,"column":12},"end":{"line":664,"column":50}},"341":{"start":{"line":664,"column":31},"end":{"line":664,"column":50}},"342":{"start":{"line":667,"column":4},"end":{"line":667,"column":18}},"343":{"start":{"line":671,"column":16},"end":{"line":671,"column":17}},"344":{"start":{"line":672,"column":20},"end":{"line":672,"column":46}},"345":{"start":{"line":673,"column":4},"end":{"line":673,"column":38}},"346":{"start":{"line":675,"column":4},"end":{"line":687,"column":5}},"347":{"start":{"line":676,"column":8},"end":{"line":686,"column":9}},"348":{"start":{"line":677,"column":12},"end":{"line":684,"column":15}},"349":{"start":{"line":685,"column":12},"end":{"line":685,"column":20}},"350":{"start":{"line":688,"column":4},"end":{"line":688,"column":17}},"351":{"start":{"line":693,"column":34},"end":{"line":695,"column":31}},"352":{"start":{"line":694,"column":24},"end":{"line":694,"column":42}},"353":{"start":{"line":695,"column":21},"end":{"line":695,"column":30}},"354":{"start":{"line":697,"column":4},"end":{"line":697,"column":53}},"355":{"start":{"line":697,"column":44},"end":{"line":697,"column":53}},"356":{"start":{"line":700,"column":16},"end":{"line":703,"column":6}},"357":{"start":{"line":705,"column":24},"end":{"line":705,"column":38}},"358":{"start":{"line":706,"column":4},"end":{"line":706,"column":59}},"359":{"start":{"line":706,"column":50},"end":{"line":706,"column":59}},"360":{"start":{"line":708,"column":23},"end":{"line":708,"column":24}},"361":{"start":{"line":709,"column":4},"end":{"line":722,"column":5}},"362":{"start":{"line":711,"column":35},"end":{"line":711,"column":136}},"363":{"start":{"line":711,"column":61},"end":{"line":711,"column":135}},"364":{"start":{"line":713,"column":8},"end":{"line":721,"column":9}},"365":{"start":{"line":714,"column":12},"end":{"line":714,"column":81}},"366":{"start":{"line":715,"column":12},"end":{"line":719,"column":15}},"367":{"start":{"line":720,"column":12},"end":{"line":720,"column":27}},"368":{"start":{"line":723,"column":4},"end":{"line":723,"column":24}},"369":{"start":{"line":727,"column":4},"end":{"line":727,"column":77}},"370":{"start":{"line":727,"column":68},"end":{"line":727,"column":77}},"371":{"start":{"line":730,"column":17},"end":{"line":734,"column":6}},"372":{"start":{"line":730,"column":53},"end":{"line":734,"column":5}},"373":{"start":{"line":737,"column":18},"end":{"line":737,"column":32}},"374":{"start":{"line":739,"column":4},"end":{"line":750,"column":5}},"375":{"start":{"line":740,"column":8},"end":{"line":745,"column":11}},"376":{"start":{"line":746,"column":8},"end":{"line":746,"column":27}},"377":{"start":{"line":748,"column":8},"end":{"line":748,"column":63}},"378":{"start":{"line":749,"column":8},"end":{"line":749,"column":17}},"379":{"start":{"line":754,"column":4},"end":{"line":754,"column":86}},"380":{"start":{"line":754,"column":77},"end":{"line":754,"column":86}},"381":{"start":{"line":757,"column":16},"end":{"line":763,"column":5}},"382":{"start":{"line":766,"column":18},"end":{"line":766,"column":30}},"383":{"start":{"line":768,"column":4},"end":{"line":779,"column":5}},"384":{"start":{"line":769,"column":8},"end":{"line":774,"column":11}},"385":{"start":{"line":775,"column":8},"end":{"line":775,"column":17}},"386":{"start":{"line":777,"column":8},"end":{"line":777,"column":61}},"387":{"start":{"line":778,"column":8},"end":{"line":778,"column":17}},"388":{"start":{"line":784,"column":4},"end":{"line":784,"column":97}},"389":{"start":{"line":784,"column":84},"end":{"line":784,"column":97}},"390":{"start":{"line":786,"column":4},"end":{"line":789,"column":5}},"391":{"start":{"line":787,"column":8},"end":{"line":787,"column":55}},"392":{"start":{"line":788,"column":8},"end":{"line":788,"column":21}},"393":{"start":{"line":791,"column":23},"end":{"line":791,"column":50}},"394":{"start":{"line":792,"column":19},"end":{"line":792,"column":53}},"395":{"start":{"line":793,"column":22},"end":{"line":793,"column":56}},"396":{"start":{"line":795,"column":4},"end":{"line":832,"column":5}},"397":{"start":{"line":796,"column":25},"end":{"line":796,"column":27}},"398":{"start":{"line":799,"column":8},"end":{"line":807,"column":9}},"399":{"start":{"line":800,"column":12},"end":{"line":806,"column":15}},"400":{"start":{"line":810,"column":8},"end":{"line":819,"column":9}},"401":{"start":{"line":811,"column":12},"end":{"line":818,"column":15}},"402":{"start":{"line":821,"column":8},"end":{"line":827,"column":11}},"403":{"start":{"line":828,"column":8},"end":{"line":828,"column":20}},"404":{"start":{"line":830,"column":8},"end":{"line":830,"column":57}},"405":{"start":{"line":831,"column":8},"end":{"line":831,"column":21}},"406":{"start":{"line":839,"column":4},"end":{"line":856,"column":104}},"407":{"start":{"line":860,"column":4},"end":{"line":879,"column":14}},"408":{"start":{"line":883,"column":4},"end":{"line":886,"column":59}}},"fnMap":{"0":{"name":"getCryptoKey","decl":{"start":{"line":45,"column":9},"end":{"line":45,"column":21}},"loc":{"start":{"line":45,"column":24},"end":{"line":48,"column":1}},"line":45},"1":{"name":"encrypt","decl":{"start":{"line":51,"column":9},"end":{"line":51,"column":16}},"loc":{"start":{"line":51,"column":23},"end":{"line":54,"column":1}},"line":51},"2":{"name":"decryptLegacyCbc","decl":{"start":{"line":56,"column":9},"end":{"line":56,"column":25}},"loc":{"start":{"line":56,"column":35},"end":{"line":58,"column":1}},"line":56},"3":{"name":"decryptCurrentGcm","decl":{"start":{"line":60,"column":9},"end":{"line":60,"column":26}},"loc":{"start":{"line":60,"column":36},"end":{"line":62,"column":1}},"line":60},"4":{"name":"decryptStoredNotionKey","decl":{"start":{"line":64,"column":9},"end":{"line":64,"column":31}},"loc":{"start":{"line":64,"column":38},"end":{"line":79,"column":1}},"line":64},"5":{"name":"resolveUserEmailFromGoogleToken","decl":{"start":{"line":81,"column":15},"end":{"line":81,"column":46}},"loc":{"start":{"line":81,"column":54},"end":{"line":97,"column":1}},"line":81},"6":{"name":"getDecryptedNotionKeyAndMigrate","decl":{"start":{"line":99,"column":15},"end":{"line":99,"column":46}},"loc":{"start":{"line":99,"column":66},"end":{"line":114,"column":1}},"line":99},"7":{"name":"(anonymous_7)","decl":{"start":{"line":117,"column":101},"end":{"line":117,"column":102}},"loc":{"start":{"line":117,"column":121},"end":{"line":152,"column":1}},"line":117},"8":{"name":"(anonymous_8)","decl":{"start":{"line":155,"column":70},"end":{"line":155,"column":71}},"loc":{"start":{"line":155,"column":90},"end":{"line":201,"column":1}},"line":155},"9":{"name":"(anonymous_9)","decl":{"start":{"line":204,"column":73},"end":{"line":204,"column":74}},"loc":{"start":{"line":204,"column":93},"end":{"line":234,"column":1}},"line":204},"10":{"name":"(anonymous_10)","decl":{"start":{"line":237,"column":120},"end":{"line":237,"column":121}},"loc":{"start":{"line":237,"column":140},"end":{"line":461,"column":1}},"line":237},"11":{"name":"(anonymous_11)","decl":{"start":{"line":298,"column":93},"end":{"line":298,"column":94}},"loc":{"start":{"line":298,"column":100},"end":{"line":301,"column":17}},"line":298},"12":{"name":"(anonymous_12)","decl":{"start":{"line":409,"column":45},"end":{"line":409,"column":46}},"loc":{"start":{"line":409,"column":57},"end":{"line":418,"column":21}},"line":409},"13":{"name":"(anonymous_13)","decl":{"start":{"line":431,"column":30},"end":{"line":431,"column":31}},"loc":{"start":{"line":431,"column":48},"end":{"line":435,"column":13}},"line":431},"14":{"name":"uploadFileToNotion","decl":{"start":{"line":464,"column":15},"end":{"line":464,"column":33}},"loc":{"start":{"line":464,"column":64},"end":{"line":509,"column":1}},"line":464},"15":{"name":"fetchWithTimeout","decl":{"start":{"line":512,"column":15},"end":{"line":512,"column":31}},"loc":{"start":{"line":512,"column":63},"end":{"line":523,"column":1}},"line":512},"16":{"name":"(anonymous_16)","decl":{"start":{"line":514,"column":26},"end":{"line":514,"column":27}},"loc":{"start":{"line":514,"column":32},"end":{"line":514,"column":50}},"line":514},"17":{"name":"callGeminiModel","decl":{"start":{"line":526,"column":15},"end":{"line":526,"column":30}},"loc":{"start":{"line":526,"column":75},"end":{"line":580,"column":1}},"line":526},"18":{"name":"(anonymous_18)","decl":{"start":{"line":556,"column":42},"end":{"line":556,"column":43}},"loc":{"start":{"line":556,"column":53},"end":{"line":556,"column":79}},"line":556},"19":{"name":"getPlannerDataFromImage","decl":{"start":{"line":583,"column":15},"end":{"line":583,"column":38}},"loc":{"start":{"line":583,"column":62},"end":{"line":625,"column":1}},"line":583},"20":{"name":"syncCalendarEvents","decl":{"start":{"line":627,"column":15},"end":{"line":627,"column":33}},"loc":{"start":{"line":627,"column":57},"end":{"line":668,"column":1}},"line":627},"21":{"name":"(anonymous_21)","decl":{"start":{"line":642,"column":31},"end":{"line":642,"column":32}},"loc":{"start":{"line":642,"column":41},"end":{"line":645,"column":13}},"line":642},"22":{"name":"syncGoogleTasks","decl":{"start":{"line":670,"column":15},"end":{"line":670,"column":30}},"loc":{"start":{"line":670,"column":51},"end":{"line":689,"column":1}},"line":670},"23":{"name":"updateCompletedTasks","decl":{"start":{"line":691,"column":15},"end":{"line":691,"column":35}},"loc":{"start":{"line":691,"column":56},"end":{"line":724,"column":1}},"line":691},"24":{"name":"(anonymous_24)","decl":{"start":{"line":694,"column":16},"end":{"line":694,"column":17}},"loc":{"start":{"line":694,"column":24},"end":{"line":694,"column":42}},"line":694},"25":{"name":"(anonymous_25)","decl":{"start":{"line":695,"column":13},"end":{"line":695,"column":14}},"loc":{"start":{"line":695,"column":21},"end":{"line":695,"column":30}},"line":695},"26":{"name":"(anonymous_26)","decl":{"start":{"line":711,"column":52},"end":{"line":711,"column":53}},"loc":{"start":{"line":711,"column":61},"end":{"line":711,"column":135}},"line":711},"27":{"name":"syncExpensesToSheet","decl":{"start":{"line":726,"column":15},"end":{"line":726,"column":34}},"loc":{"start":{"line":726,"column":71},"end":{"line":751,"column":1}},"line":726},"28":{"name":"(anonymous_28)","decl":{"start":{"line":730,"column":42},"end":{"line":730,"column":43}},"loc":{"start":{"line":730,"column":53},"end":{"line":734,"column":5}},"line":730},"29":{"name":"syncHealthToSheet","decl":{"start":{"line":753,"column":15},"end":{"line":753,"column":32}},"loc":{"start":{"line":753,"column":69},"end":{"line":780,"column":1}},"line":753},"30":{"name":"syncBrainDumpToNotion","decl":{"start":{"line":783,"column":15},"end":{"line":783,"column":36}},"loc":{"start":{"line":783,"column":84},"end":{"line":833,"column":1}},"line":783},"31":{"name":"getMorningPrompt","decl":{"start":{"line":838,"column":9},"end":{"line":838,"column":25}},"loc":{"start":{"line":838,"column":28},"end":{"line":857,"column":1}},"line":838},"32":{"name":"getEveningPrompt","decl":{"start":{"line":859,"column":9},"end":{"line":859,"column":25}},"loc":{"start":{"line":859,"column":28},"end":{"line":880,"column":1}},"line":859},"33":{"name":"getJournalDatePrompt","decl":{"start":{"line":882,"column":9},"end":{"line":882,"column":29}},"loc":{"start":{"line":882,"column":32},"end":{"line":887,"column":1}},"line":882}},"branchMap":{"0":{"loc":{"start":{"line":52,"column":4},"end":{"line":52,"column":27}},"type":"if","locations":[{"start":{"line":52,"column":4},"end":{"line":52,"column":27}},{"start":{},"end":{}}],"line":52},"1":{"loc":{"start":{"line":65,"column":4},"end":{"line":65,"column":27}},"type":"if","locations":[{"start":{"line":65,"column":4},"end":{"line":65,"column":27}},{"start":{},"end":{}}],"line":65},"2":{"loc":{"start":{"line":67,"column":8},"end":{"line":69,"column":9}},"type":"if","locations":[{"start":{"line":67,"column":8},"end":{"line":69,"column":9}},{"start":{},"end":{}}],"line":67},"3":{"loc":{"start":{"line":70,"column":8},"end":{"line":72,"column":9}},"type":"if","locations":[{"start":{"line":70,"column":8},"end":{"line":72,"column":9}},{"start":{},"end":{}}],"line":70},"4":{"loc":{"start":{"line":82,"column":4},"end":{"line":84,"column":5}},"type":"if","locations":[{"start":{"line":82,"column":4},"end":{"line":84,"column":5}},{"start":{},"end":{}}],"line":82},"5":{"loc":{"start":{"line":93,"column":4},"end":{"line":95,"column":5}},"type":"if","locations":[{"start":{"line":93,"column":4},"end":{"line":95,"column":5}},{"start":{},"end":{}}],"line":93},"6":{"loc":{"start":{"line":100,"column":4},"end":{"line":102,"column":5}},"type":"if","locations":[{"start":{"line":100,"column":4},"end":{"line":102,"column":5}},{"start":{},"end":{}}],"line":100},"7":{"loc":{"start":{"line":105,"column":4},"end":{"line":107,"column":5}},"type":"if","locations":[{"start":{"line":105,"column":4},"end":{"line":107,"column":5}},{"start":{},"end":{}}],"line":105},"8":{"loc":{"start":{"line":109,"column":4},"end":{"line":111,"column":5}},"type":"if","locations":[{"start":{"line":109,"column":4},"end":{"line":111,"column":5}},{"start":{},"end":{}}],"line":109},"9":{"loc":{"start":{"line":119,"column":4},"end":{"line":119,"column":40}},"type":"if","locations":[{"start":{"line":119,"column":4},"end":{"line":119,"column":40}},{"start":{},"end":{}}],"line":119},"10":{"loc":{"start":{"line":120,"column":4},"end":{"line":120,"column":91}},"type":"if","locations":[{"start":{"line":120,"column":4},"end":{"line":120,"column":91}},{"start":{},"end":{}}],"line":120},"11":{"loc":{"start":{"line":122,"column":4},"end":{"line":124,"column":5}},"type":"if","locations":[{"start":{"line":122,"column":4},"end":{"line":124,"column":5}},{"start":{},"end":{}}],"line":122},"12":{"loc":{"start":{"line":125,"column":4},"end":{"line":127,"column":5}},"type":"if","locations":[{"start":{"line":125,"column":4},"end":{"line":127,"column":5}},{"start":{},"end":{}}],"line":125},"13":{"loc":{"start":{"line":129,"column":17},"end":{"line":129,"column":31}},"type":"binary-expr","locations":[{"start":{"line":129,"column":17},"end":{"line":129,"column":25}},{"start":{"line":129,"column":29},"end":{"line":129,"column":31}}],"line":129},"14":{"loc":{"start":{"line":131,"column":22},"end":{"line":131,"column":85}},"type":"cond-expr","locations":[{"start":{"line":131,"column":59},"end":{"line":131,"column":80}},{"start":{"line":131,"column":83},"end":{"line":131,"column":85}}],"line":131},"15":{"loc":{"start":{"line":134,"column":4},"end":{"line":136,"column":5}},"type":"if","locations":[{"start":{"line":134,"column":4},"end":{"line":136,"column":5}},{"start":{},"end":{}}],"line":134},"16":{"loc":{"start":{"line":134,"column":8},"end":{"line":134,"column":62}},"type":"binary-expr","locations":[{"start":{"line":134,"column":8},"end":{"line":134,"column":14}},{"start":{"line":134,"column":18},"end":{"line":134,"column":47}},{"start":{"line":134,"column":51},"end":{"line":134,"column":62}}],"line":134},"17":{"loc":{"start":{"line":157,"column":4},"end":{"line":157,"column":40}},"type":"if","locations":[{"start":{"line":157,"column":4},"end":{"line":157,"column":40}},{"start":{},"end":{}}],"line":157},"18":{"loc":{"start":{"line":158,"column":4},"end":{"line":158,"column":91}},"type":"if","locations":[{"start":{"line":158,"column":4},"end":{"line":158,"column":91}},{"start":{},"end":{}}],"line":158},"19":{"loc":{"start":{"line":160,"column":4},"end":{"line":162,"column":5}},"type":"if","locations":[{"start":{"line":160,"column":4},"end":{"line":162,"column":5}},{"start":{},"end":{}}],"line":160},"20":{"loc":{"start":{"line":163,"column":4},"end":{"line":165,"column":5}},"type":"if","locations":[{"start":{"line":163,"column":4},"end":{"line":165,"column":5}},{"start":{},"end":{}}],"line":163},"21":{"loc":{"start":{"line":167,"column":17},"end":{"line":167,"column":31}},"type":"binary-expr","locations":[{"start":{"line":167,"column":17},"end":{"line":167,"column":25}},{"start":{"line":167,"column":29},"end":{"line":167,"column":31}}],"line":167},"22":{"loc":{"start":{"line":169,"column":4},"end":{"line":169,"column":72}},"type":"if","locations":[{"start":{"line":169,"column":4},"end":{"line":169,"column":72}},{"start":{},"end":{}}],"line":169},"23":{"loc":{"start":{"line":174,"column":8},"end":{"line":174,"column":84}},"type":"if","locations":[{"start":{"line":174,"column":8},"end":{"line":174,"column":84}},{"start":{},"end":{}}],"line":174},"24":{"loc":{"start":{"line":186,"column":8},"end":{"line":193,"column":9}},"type":"if","locations":[{"start":{"line":186,"column":8},"end":{"line":193,"column":9}},{"start":{},"end":{}}],"line":186},"25":{"loc":{"start":{"line":190,"column":28},"end":{"line":190,"column":50}},"type":"binary-expr","locations":[{"start":{"line":190,"column":28},"end":{"line":190,"column":42}},{"start":{"line":190,"column":46},"end":{"line":190,"column":50}}],"line":190},"26":{"loc":{"start":{"line":206,"column":4},"end":{"line":206,"column":40}},"type":"if","locations":[{"start":{"line":206,"column":4},"end":{"line":206,"column":40}},{"start":{},"end":{}}],"line":206},"27":{"loc":{"start":{"line":207,"column":4},"end":{"line":207,"column":91}},"type":"if","locations":[{"start":{"line":207,"column":4},"end":{"line":207,"column":91}},{"start":{},"end":{}}],"line":207},"28":{"loc":{"start":{"line":209,"column":4},"end":{"line":211,"column":5}},"type":"if","locations":[{"start":{"line":209,"column":4},"end":{"line":211,"column":5}},{"start":{},"end":{}}],"line":209},"29":{"loc":{"start":{"line":212,"column":4},"end":{"line":214,"column":5}},"type":"if","locations":[{"start":{"line":212,"column":4},"end":{"line":214,"column":5}},{"start":{},"end":{}}],"line":212},"30":{"loc":{"start":{"line":216,"column":17},"end":{"line":216,"column":31}},"type":"binary-expr","locations":[{"start":{"line":216,"column":17},"end":{"line":216,"column":25}},{"start":{"line":216,"column":29},"end":{"line":216,"column":31}}],"line":216},"31":{"loc":{"start":{"line":218,"column":4},"end":{"line":218,"column":72}},"type":"if","locations":[{"start":{"line":218,"column":4},"end":{"line":218,"column":72}},{"start":{},"end":{}}],"line":218},"32":{"loc":{"start":{"line":223,"column":8},"end":{"line":223,"column":84}},"type":"if","locations":[{"start":{"line":223,"column":8},"end":{"line":223,"column":84}},{"start":{},"end":{}}],"line":223},"33":{"loc":{"start":{"line":239,"column":4},"end":{"line":239,"column":40}},"type":"if","locations":[{"start":{"line":239,"column":4},"end":{"line":239,"column":40}},{"start":{},"end":{}}],"line":239},"34":{"loc":{"start":{"line":240,"column":4},"end":{"line":240,"column":91}},"type":"if","locations":[{"start":{"line":240,"column":4},"end":{"line":240,"column":91}},{"start":{},"end":{}}],"line":240},"35":{"loc":{"start":{"line":242,"column":4},"end":{"line":244,"column":5}},"type":"if","locations":[{"start":{"line":242,"column":4},"end":{"line":244,"column":5}},{"start":{},"end":{}}],"line":242},"36":{"loc":{"start":{"line":245,"column":4},"end":{"line":247,"column":5}},"type":"if","locations":[{"start":{"line":245,"column":4},"end":{"line":247,"column":5}},{"start":{},"end":{}}],"line":245},"37":{"loc":{"start":{"line":249,"column":17},"end":{"line":249,"column":31}},"type":"binary-expr","locations":[{"start":{"line":249,"column":17},"end":{"line":249,"column":25}},{"start":{"line":249,"column":29},"end":{"line":249,"column":31}}],"line":249},"38":{"loc":{"start":{"line":254,"column":4},"end":{"line":254,"column":85}},"type":"if","locations":[{"start":{"line":254,"column":4},"end":{"line":254,"column":85}},{"start":{},"end":{}}],"line":254},"39":{"loc":{"start":{"line":255,"column":4},"end":{"line":255,"column":98}},"type":"if","locations":[{"start":{"line":255,"column":4},"end":{"line":255,"column":98}},{"start":{},"end":{}}],"line":255},"40":{"loc":{"start":{"line":256,"column":4},"end":{"line":256,"column":98}},"type":"if","locations":[{"start":{"line":256,"column":4},"end":{"line":256,"column":98}},{"start":{},"end":{}}],"line":256},"41":{"loc":{"start":{"line":272,"column":23},"end":{"line":272,"column":59}},"type":"cond-expr","locations":[{"start":{"line":272,"column":40},"end":{"line":272,"column":54}},{"start":{"line":272,"column":57},"end":{"line":272,"column":59}}],"line":272},"42":{"loc":{"start":{"line":280,"column":8},"end":{"line":330,"column":9}},"type":"if","locations":[{"start":{"line":280,"column":8},"end":{"line":330,"column":9}},{"start":{},"end":{}}],"line":280},"43":{"loc":{"start":{"line":281,"column":12},"end":{"line":283,"column":13}},"type":"if","locations":[{"start":{"line":281,"column":12},"end":{"line":283,"column":13}},{"start":{},"end":{}}],"line":281},"44":{"loc":{"start":{"line":281,"column":16},"end":{"line":281,"column":59}},"type":"binary-expr","locations":[{"start":{"line":281,"column":16},"end":{"line":281,"column":35}},{"start":{"line":281,"column":39},"end":{"line":281,"column":59}}],"line":281},"45":{"loc":{"start":{"line":288,"column":12},"end":{"line":288,"column":139}},"type":"if","locations":[{"start":{"line":288,"column":12},"end":{"line":288,"column":139}},{"start":{},"end":{}}],"line":288},"46":{"loc":{"start":{"line":305,"column":12},"end":{"line":308,"column":13}},"type":"if","locations":[{"start":{"line":305,"column":12},"end":{"line":308,"column":13}},{"start":{},"end":{}}],"line":305},"47":{"loc":{"start":{"line":305,"column":16},"end":{"line":305,"column":45}},"type":"binary-expr","locations":[{"start":{"line":305,"column":16},"end":{"line":305,"column":26}},{"start":{"line":305,"column":30},"end":{"line":305,"column":45}}],"line":305},"48":{"loc":{"start":{"line":336,"column":8},"end":{"line":449,"column":9}},"type":"if","locations":[{"start":{"line":336,"column":8},"end":{"line":449,"column":9}},{"start":{"line":356,"column":15},"end":{"line":449,"column":9}}],"line":336},"49":{"loc":{"start":{"line":340,"column":12},"end":{"line":342,"column":13}},"type":"if","locations":[{"start":{"line":340,"column":12},"end":{"line":342,"column":13}},{"start":{},"end":{}}],"line":340},"50":{"loc":{"start":{"line":356,"column":15},"end":{"line":449,"column":9}},"type":"if","locations":[{"start":{"line":356,"column":15},"end":{"line":449,"column":9}},{"start":{"line":447,"column":15},"end":{"line":449,"column":9}}],"line":356},"51":{"loc":{"start":{"line":360,"column":12},"end":{"line":360,"column":93}},"type":"if","locations":[{"start":{"line":360,"column":12},"end":{"line":360,"column":93}},{"start":{},"end":{}}],"line":360},"52":{"loc":{"start":{"line":366,"column":12},"end":{"line":366,"column":98}},"type":"if","locations":[{"start":{"line":366,"column":12},"end":{"line":366,"column":98}},{"start":{},"end":{}}],"line":366},"53":{"loc":{"start":{"line":370,"column":12},"end":{"line":394,"column":13}},"type":"if","locations":[{"start":{"line":370,"column":12},"end":{"line":394,"column":13}},{"start":{},"end":{}}],"line":370},"54":{"loc":{"start":{"line":405,"column":12},"end":{"line":425,"column":13}},"type":"if","locations":[{"start":{"line":405,"column":12},"end":{"line":425,"column":13}},{"start":{"line":423,"column":19},"end":{"line":425,"column":13}}],"line":405},"55":{"loc":{"start":{"line":405,"column":16},"end":{"line":405,"column":57}},"type":"binary-expr","locations":[{"start":{"line":405,"column":16},"end":{"line":405,"column":34}},{"start":{"line":405,"column":38},"end":{"line":405,"column":57}}],"line":405},"56":{"loc":{"start":{"line":408,"column":16},"end":{"line":422,"column":17}},"type":"if","locations":[{"start":{"line":408,"column":16},"end":{"line":422,"column":17}},{"start":{"line":420,"column":23},"end":{"line":422,"column":17}}],"line":408},"57":{"loc":{"start":{"line":432,"column":16},"end":{"line":432,"column":71}},"type":"if","locations":[{"start":{"line":432,"column":16},"end":{"line":432,"column":71}},{"start":{},"end":{}}],"line":432},"58":{"loc":{"start":{"line":433,"column":54},"end":{"line":433,"column":93}},"type":"binary-expr","locations":[{"start":{"line":433,"column":54},"end":{"line":433,"column":76}},{"start":{"line":433,"column":80},"end":{"line":433,"column":93}}],"line":433},"59":{"loc":{"start":{"line":434,"column":23},"end":{"line":434,"column":54}},"type":"cond-expr","locations":[{"start":{"line":434,"column":45},"end":{"line":434,"column":50}},{"start":{"line":434,"column":53},"end":{"line":434,"column":54}}],"line":434},"60":{"loc":{"start":{"line":439,"column":33},"end":{"line":439,"column":93}},"type":"cond-expr","locations":[{"start":{"line":439,"column":54},"end":{"line":439,"column":85}},{"start":{"line":439,"column":88},"end":{"line":439,"column":93}}],"line":439},"61":{"loc":{"start":{"line":441,"column":12},"end":{"line":441,"column":101}},"type":"if","locations":[{"start":{"line":441,"column":12},"end":{"line":441,"column":101}},{"start":{},"end":{}}],"line":441},"62":{"loc":{"start":{"line":442,"column":12},"end":{"line":442,"column":83}},"type":"if","locations":[{"start":{"line":442,"column":12},"end":{"line":442,"column":83}},{"start":{},"end":{}}],"line":442},"63":{"loc":{"start":{"line":443,"column":12},"end":{"line":443,"column":89}},"type":"if","locations":[{"start":{"line":443,"column":12},"end":{"line":443,"column":89}},{"start":{},"end":{}}],"line":443},"64":{"loc":{"start":{"line":445,"column":12},"end":{"line":446,"column":75}},"type":"if","locations":[{"start":{"line":445,"column":12},"end":{"line":446,"column":75}},{"start":{"line":446,"column":17},"end":{"line":446,"column":75}}],"line":445},"65":{"loc":{"start":{"line":458,"column":28},"end":{"line":458,"column":129}},"type":"cond-expr","locations":[{"start":{"line":458,"column":67},"end":{"line":458,"column":103}},{"start":{"line":458,"column":106},"end":{"line":458,"column":129}}],"line":458},"66":{"loc":{"start":{"line":481,"column":8},"end":{"line":481,"column":99}},"type":"if","locations":[{"start":{"line":481,"column":8},"end":{"line":481,"column":99}},{"start":{},"end":{}}],"line":481},"67":{"loc":{"start":{"line":501,"column":8},"end":{"line":501,"column":101}},"type":"if","locations":[{"start":{"line":501,"column":8},"end":{"line":501,"column":101}},{"start":{},"end":{}}],"line":501},"68":{"loc":{"start":{"line":512,"column":46},"end":{"line":512,"column":61}},"type":"default-arg","locations":[{"start":{"line":512,"column":56},"end":{"line":512,"column":61}}],"line":512},"69":{"loc":{"start":{"line":550,"column":12},"end":{"line":564,"column":13}},"type":"if","locations":[{"start":{"line":550,"column":12},"end":{"line":564,"column":13}},{"start":{},"end":{}}],"line":550},"70":{"loc":{"start":{"line":551,"column":16},"end":{"line":560,"column":17}},"type":"if","locations":[{"start":{"line":551,"column":16},"end":{"line":560,"column":17}},{"start":{},"end":{}}],"line":551},"71":{"loc":{"start":{"line":553,"column":20},"end":{"line":558,"column":21}},"type":"if","locations":[{"start":{"line":553,"column":20},"end":{"line":558,"column":21}},{"start":{},"end":{}}],"line":553},"72":{"loc":{"start":{"line":561,"column":16},"end":{"line":561,"column":76}},"type":"if","locations":[{"start":{"line":561,"column":16},"end":{"line":561,"column":76}},{"start":{},"end":{}}],"line":561},"73":{"loc":{"start":{"line":567,"column":12},"end":{"line":569,"column":13}},"type":"if","locations":[{"start":{"line":567,"column":12},"end":{"line":569,"column":13}},{"start":{},"end":{}}],"line":567},"74":{"loc":{"start":{"line":567,"column":16},"end":{"line":567,"column":81}},"type":"binary-expr","locations":[{"start":{"line":567,"column":16},"end":{"line":567,"column":34}},{"start":{"line":567,"column":38},"end":{"line":567,"column":81}}],"line":567},"75":{"loc":{"start":{"line":574,"column":12},"end":{"line":574,"column":106}},"type":"if","locations":[{"start":{"line":574,"column":12},"end":{"line":574,"column":106}},{"start":{},"end":{}}],"line":574},"76":{"loc":{"start":{"line":574,"column":16},"end":{"line":574,"column":92}},"type":"binary-expr","locations":[{"start":{"line":574,"column":16},"end":{"line":574,"column":27}},{"start":{"line":574,"column":31},"end":{"line":574,"column":52}},{"start":{"line":574,"column":56},"end":{"line":574,"column":92}}],"line":574},"77":{"loc":{"start":{"line":588,"column":4},"end":{"line":590,"column":5}},"type":"if","locations":[{"start":{"line":588,"column":4},"end":{"line":590,"column":5}},{"start":{},"end":{}}],"line":588},"78":{"loc":{"start":{"line":588,"column":8},"end":{"line":588,"column":37}},"type":"binary-expr","locations":[{"start":{"line":588,"column":8},"end":{"line":588,"column":17}},{"start":{"line":588,"column":21},"end":{"line":588,"column":37}}],"line":588},"79":{"loc":{"start":{"line":591,"column":4},"end":{"line":593,"column":5}},"type":"if","locations":[{"start":{"line":591,"column":4},"end":{"line":593,"column":5}},{"start":{},"end":{}}],"line":591},"80":{"loc":{"start":{"line":598,"column":8},"end":{"line":600,"column":34}},"type":"cond-expr","locations":[{"start":{"line":598,"column":33},"end":{"line":598,"column":51}},{"start":{"line":599,"column":12},"end":{"line":600,"column":34}}],"line":598},"81":{"loc":{"start":{"line":599,"column":12},"end":{"line":600,"column":34}},"type":"cond-expr","locations":[{"start":{"line":599,"column":47},"end":{"line":599,"column":69}},{"start":{"line":600,"column":16},"end":{"line":600,"column":34}}],"line":599},"82":{"loc":{"start":{"line":618,"column":12},"end":{"line":620,"column":13}},"type":"if","locations":[{"start":{"line":618,"column":12},"end":{"line":620,"column":13}},{"start":{},"end":{}}],"line":618},"83":{"loc":{"start":{"line":624,"column":61},"end":{"line":624,"column":98}},"type":"binary-expr","locations":[{"start":{"line":624,"column":61},"end":{"line":624,"column":79}},{"start":{"line":624,"column":83},"end":{"line":624,"column":98}}],"line":624},"84":{"loc":{"start":{"line":629,"column":24},"end":{"line":629,"column":50}},"type":"binary-expr","locations":[{"start":{"line":629,"column":24},"end":{"line":629,"column":44}},{"start":{"line":629,"column":48},"end":{"line":629,"column":50}}],"line":629},"85":{"loc":{"start":{"line":630,"column":8},"end":{"line":665,"column":9}},"type":"if","locations":[{"start":{"line":630,"column":8},"end":{"line":665,"column":9}},{"start":{},"end":{}}],"line":630},"86":{"loc":{"start":{"line":630,"column":12},"end":{"line":630,"column":54}},"type":"binary-expr","locations":[{"start":{"line":630,"column":13},"end":{"line":630,"column":23}},{"start":{"line":630,"column":27},"end":{"line":630,"column":40}},{"start":{"line":630,"column":45},"end":{"line":630,"column":54}}],"line":630},"87":{"loc":{"start":{"line":634,"column":12},"end":{"line":634,"column":37}},"type":"if","locations":[{"start":{"line":634,"column":12},"end":{"line":634,"column":37}},{"start":{},"end":{}}],"line":634},"88":{"loc":{"start":{"line":659,"column":35},"end":{"line":659,"column":90}},"type":"cond-expr","locations":[{"start":{"line":659,"column":51},"end":{"line":659,"column":85}},{"start":{"line":659,"column":88},"end":{"line":659,"column":90}}],"line":659},"89":{"loc":{"start":{"line":663,"column":12},"end":{"line":663,"column":44}},"type":"if","locations":[{"start":{"line":663,"column":12},"end":{"line":663,"column":44}},{"start":{},"end":{}}],"line":663},"90":{"loc":{"start":{"line":664,"column":12},"end":{"line":664,"column":50}},"type":"if","locations":[{"start":{"line":664,"column":12},"end":{"line":664,"column":50}},{"start":{},"end":{}}],"line":664},"91":{"loc":{"start":{"line":675,"column":24},"end":{"line":675,"column":47}},"type":"binary-expr","locations":[{"start":{"line":675,"column":24},"end":{"line":675,"column":41}},{"start":{"line":675,"column":45},"end":{"line":675,"column":47}}],"line":675},"92":{"loc":{"start":{"line":676,"column":8},"end":{"line":686,"column":9}},"type":"if","locations":[{"start":{"line":676,"column":8},"end":{"line":686,"column":9}},{"start":{},"end":{}}],"line":676},"93":{"loc":{"start":{"line":681,"column":28},"end":{"line":681,"column":67}},"type":"cond-expr","locations":[{"start":{"line":681,"column":40},"end":{"line":681,"column":51}},{"start":{"line":681,"column":54},"end":{"line":681,"column":67}}],"line":681},"94":{"loc":{"start":{"line":693,"column":35},"end":{"line":693,"column":58}},"type":"binary-expr","locations":[{"start":{"line":693,"column":35},"end":{"line":693,"column":52}},{"start":{"line":693,"column":56},"end":{"line":693,"column":58}}],"line":693},"95":{"loc":{"start":{"line":697,"column":4},"end":{"line":697,"column":53}},"type":"if","locations":[{"start":{"line":697,"column":4},"end":{"line":697,"column":53}},{"start":{},"end":{}}],"line":697},"96":{"loc":{"start":{"line":706,"column":4},"end":{"line":706,"column":59}},"type":"if","locations":[{"start":{"line":706,"column":4},"end":{"line":706,"column":59}},{"start":{},"end":{}}],"line":706},"97":{"loc":{"start":{"line":706,"column":8},"end":{"line":706,"column":48}},"type":"binary-expr","locations":[{"start":{"line":706,"column":8},"end":{"line":706,"column":20}},{"start":{"line":706,"column":24},"end":{"line":706,"column":48}}],"line":706},"98":{"loc":{"start":{"line":713,"column":8},"end":{"line":721,"column":9}},"type":"if","locations":[{"start":{"line":713,"column":8},"end":{"line":721,"column":9}},{"start":{},"end":{}}],"line":713},"99":{"loc":{"start":{"line":727,"column":4},"end":{"line":727,"column":77}},"type":"if","locations":[{"start":{"line":727,"column":4},"end":{"line":727,"column":77}},{"start":{},"end":{}}],"line":727},"100":{"loc":{"start":{"line":727,"column":8},"end":{"line":727,"column":66}},"type":"binary-expr","locations":[{"start":{"line":727,"column":8},"end":{"line":727,"column":29}},{"start":{"line":727,"column":33},"end":{"line":727,"column":66}}],"line":727},"101":{"loc":{"start":{"line":754,"column":4},"end":{"line":754,"column":86}},"type":"if","locations":[{"start":{"line":754,"column":4},"end":{"line":754,"column":86}},{"start":{},"end":{}}],"line":754},"102":{"loc":{"start":{"line":754,"column":8},"end":{"line":754,"column":75}},"type":"binary-expr","locations":[{"start":{"line":754,"column":8},"end":{"line":754,"column":27}},{"start":{"line":754,"column":31},"end":{"line":754,"column":75}}],"line":754},"103":{"loc":{"start":{"line":759,"column":8},"end":{"line":759,"column":41}},"type":"binary-expr","locations":[{"start":{"line":759,"column":8},"end":{"line":759,"column":35}},{"start":{"line":759,"column":39},"end":{"line":759,"column":41}}],"line":759},"104":{"loc":{"start":{"line":760,"column":8},"end":{"line":760,"column":37}},"type":"binary-expr","locations":[{"start":{"line":760,"column":8},"end":{"line":760,"column":32}},{"start":{"line":760,"column":36},"end":{"line":760,"column":37}}],"line":760},"105":{"loc":{"start":{"line":761,"column":8},"end":{"line":761,"column":37}},"type":"binary-expr","locations":[{"start":{"line":761,"column":8},"end":{"line":761,"column":32}},{"start":{"line":761,"column":36},"end":{"line":761,"column":37}}],"line":761},"106":{"loc":{"start":{"line":762,"column":8},"end":{"line":762,"column":38}},"type":"binary-expr","locations":[{"start":{"line":762,"column":8},"end":{"line":762,"column":33}},{"start":{"line":762,"column":37},"end":{"line":762,"column":38}}],"line":762},"107":{"loc":{"start":{"line":784,"column":4},"end":{"line":784,"column":97}},"type":"if","locations":[{"start":{"line":784,"column":4},"end":{"line":784,"column":97}},{"start":{},"end":{}}],"line":784},"108":{"loc":{"start":{"line":784,"column":8},"end":{"line":784,"column":82}},"type":"binary-expr","locations":[{"start":{"line":784,"column":9},"end":{"line":784,"column":31}},{"start":{"line":784,"column":35},"end":{"line":784,"column":70}},{"start":{"line":784,"column":75},"end":{"line":784,"column":82}}],"line":784},"109":{"loc":{"start":{"line":786,"column":4},"end":{"line":789,"column":5}},"type":"if","locations":[{"start":{"line":786,"column":4},"end":{"line":789,"column":5}},{"start":{},"end":{}}],"line":786},"110":{"loc":{"start":{"line":786,"column":8},"end":{"line":786,"column":55}},"type":"binary-expr","locations":[{"start":{"line":786,"column":8},"end":{"line":786,"column":21}},{"start":{"line":786,"column":25},"end":{"line":786,"column":55}}],"line":786},"111":{"loc":{"start":{"line":799,"column":8},"end":{"line":807,"column":9}},"type":"if","locations":[{"start":{"line":799,"column":8},"end":{"line":807,"column":9}},{"start":{},"end":{}}],"line":799},"112":{"loc":{"start":{"line":810,"column":8},"end":{"line":819,"column":9}},"type":"if","locations":[{"start":{"line":810,"column":8},"end":{"line":819,"column":9}},{"start":{},"end":{}}],"line":810}},"s":{"0":1,"1":1,"2":1,"3":1,"4":1,"5":1,"6":1,"7":1,"8":1,"9":1,"10":7,"11":7,"12":1,"13":0,"14":1,"15":0,"16":6,"17":6,"18":0,"19":6,"20":6,"21":6,"22":0,"23":0,"24":0,"25":0,"26":0,"27":13,"28":0,"29":13,"30":13,"31":13,"32":13,"33":13,"34":12,"35":12,"36":0,"37":12,"38":6,"39":0,"40":6,"41":6,"42":1,"43":5,"44":0,"45":5,"46":1,"47":4,"48":4,"49":0,"50":4,"51":0,"52":4,"53":1,"54":3,"55":0,"56":3,"57":3,"58":3,"59":3,"60":3,"61":1,"62":2,"63":2,"64":1,"65":1,"66":1,"67":1,"68":1,"69":1,"70":1,"71":1,"72":1,"73":6,"74":6,"75":0,"76":6,"77":0,"78":6,"79":1,"80":5,"81":0,"82":5,"83":5,"84":5,"85":1,"86":4,"87":4,"88":3,"89":3,"90":1,"91":2,"92":2,"93":2,"94":2,"95":2,"96":1,"97":1,"98":2,"99":2,"100":1,"101":1,"102":1,"103":4,"104":4,"105":0,"106":4,"107":0,"108":4,"109":1,"110":3,"111":0,"112":3,"113":3,"114":3,"115":1,"116":2,"117":2,"118":2,"119":2,"120":1,"121":1,"122":1,"123":1,"124":1,"125":1,"126":0,"127":0,"128":1,"129":16,"130":16,"131":1,"132":15,"133":1,"134":14,"135":0,"136":14,"137":0,"138":14,"139":14,"140":14,"141":14,"142":14,"143":1,"144":13,"145":1,"146":12,"147":1,"148":11,"149":11,"150":11,"151":11,"152":11,"153":11,"154":11,"155":11,"156":11,"157":11,"158":11,"159":11,"160":11,"161":11,"162":11,"163":3,"164":1,"165":2,"166":2,"167":2,"168":0,"169":2,"170":2,"171":2,"172":2,"173":0,"174":0,"175":1,"176":1,"177":1,"178":1,"179":1,"180":1,"181":1,"182":8,"183":8,"184":4,"185":4,"186":3,"187":0,"188":3,"189":3,"190":3,"191":3,"192":3,"193":4,"194":4,"195":4,"196":4,"197":0,"198":4,"199":4,"200":4,"201":1,"202":4,"203":4,"204":1,"205":1,"206":1,"207":1,"208":1,"209":1,"210":1,"211":4,"212":4,"213":4,"214":4,"215":4,"216":3,"217":3,"218":3,"219":3,"220":3,"221":0,"222":0,"223":3,"224":1,"225":0,"226":4,"227":4,"228":11,"229":11,"230":0,"231":0,"232":4,"233":4,"234":4,"235":4,"236":1,"237":4,"238":1,"239":4,"240":1,"241":4,"242":2,"243":2,"244":0,"245":4,"246":4,"247":2,"248":2,"249":2,"250":5,"251":5,"252":5,"253":5,"254":1,"255":4,"256":4,"257":4,"258":4,"259":4,"260":4,"261":4,"262":4,"263":0,"264":4,"265":4,"266":1,"267":1,"268":13,"269":13,"270":0,"271":13,"272":13,"273":13,"274":13,"275":0,"276":0,"277":13,"278":13,"279":13,"280":13,"281":13,"282":13,"283":13,"284":13,"285":13,"286":4,"287":0,"288":0,"289":0,"290":0,"291":0,"292":0,"293":0,"294":0,"295":4,"296":4,"297":0,"298":0,"299":9,"300":9,"301":0,"302":9,"303":4,"304":0,"305":4,"306":4,"307":10,"308":10,"309":10,"310":10,"311":0,"312":10,"313":0,"314":10,"315":10,"316":10,"317":10,"318":13,"319":13,"320":4,"321":4,"322":3,"323":1,"324":3,"325":3,"326":2,"327":2,"328":2,"329":0,"330":2,"331":2,"332":4,"333":4,"334":2,"335":2,"336":2,"337":2,"338":2,"339":2,"340":2,"341":1,"342":3,"343":3,"344":3,"345":3,"346":3,"347":1,"348":1,"349":1,"350":3,"351":4,"352":2,"353":2,"354":4,"355":2,"356":2,"357":2,"358":2,"359":1,"360":1,"361":1,"362":1,"363":1,"364":1,"365":1,"366":1,"367":1,"368":1,"369":4,"370":3,"371":1,"372":1,"373":1,"374":1,"375":1,"376":1,"377":0,"378":0,"379":4,"380":3,"381":1,"382":1,"383":1,"384":1,"385":1,"386":0,"387":0,"388":3,"389":2,"390":1,"391":0,"392":0,"393":1,"394":1,"395":1,"396":1,"397":1,"398":1,"399":1,"400":1,"401":0,"402":1,"403":1,"404":0,"405":0,"406":4,"407":4,"408":2},"f":{"0":7,"1":1,"2":0,"3":6,"4":6,"5":13,"6":6,"7":4,"8":6,"9":4,"10":16,"11":0,"12":3,"13":11,"14":5,"15":13,"16":0,"17":13,"18":0,"19":10,"20":3,"21":4,"22":3,"23":4,"24":2,"25":2,"26":1,"27":4,"28":1,"29":4,"30":3,"31":4,"32":4,"33":2},"b":{"0":[0,1],"1":[0,6],"2":[6,0],"3":[0,0],"4":[0,13],"5":[0,12],"6":[0,6],"7":[1,5],"8":[0,5],"9":[0,4],"10":[0,4],"11":[1,3],"12":[0,3],"13":[3,1],"14":[2,1],"15":[1,2],"16":[3,2,2],"17":[0,6],"18":[0,6],"19":[1,5],"20":[0,5],"21":[5,0],"22":[1,4],"23":[1,2],"24":[1,1],"25":[1,0],"26":[0,4],"27":[0,4],"28":[1,3],"29":[0,3],"30":[3,0],"31":[1,2],"32":[1,1],"33":[1,15],"34":[1,14],"35":[0,14],"36":[0,14],"37":[14,0],"38":[1,13],"39":[1,12],"40":[1,11],"41":[10,1],"42":[3,8],"43":[1,2],"44":[3,2],"45":[0,2],"46":[1,0],"47":[1,1],"48":[4,4],"49":[0,3],"50":[4,0],"51":[0,4],"52":[1,3],"53":[1,3],"54":[4,0],"55":[4,4],"56":[3,1],"57":[11,0],"58":[0,0],"59":[0,0],"60":[3,1],"61":[1,3],"62":[1,3],"63":[1,3],"64":[2,2],"65":[0,2],"66":[1,4],"67":[0,4],"68":[0],"69":[4,9],"70":[0,4],"71":[0,0],"72":[4,0],"73":[0,9],"74":[9,9],"75":[0,4],"76":[4,0,0],"77":[0,10],"78":[10,10],"79":[0,10],"80":[4,6],"81":[2,4],"82":[3,1],"83":[1,0],"84":[3,0],"85":[2,0],"86":[2,0,2],"87":[0,2],"88":[1,1],"89":[2,0],"90":[1,1],"91":[3,0],"92":[1,0],"93":[0,1],"94":[4,0],"95":[2,2],"96":[1,1],"97":[2,1],"98":[1,0],"99":[3,1],"100":[4,4],"101":[3,1],"102":[4,4],"103":[1,0],"104":[1,0],"105":[1,0],"106":[1,0],"107":[2,1],"108":[3,1,2],"109":[0,1],"110":[1,1],"111":[1,0],"112":[0,1]},"_coverageSchema":"1a1c01bbd47fc00a2c39e90264f33305004495a9","hash":"73d930a16649d4e16e075bec11773d481684e83b"}
,"/Users/domgeshworld/Desktop/AI PLANNER/functions/utils.js": {"path":"/Users/domgeshworld/Desktop/AI PLANNER/functions/utils.js","statementMap":{"0":{"start":{"line":6,"column":15},"end":{"line":6,"column":32}},"1":{"start":{"line":9,"column":24},"end":{"line":9,"column":40}},"2":{"start":{"line":10,"column":26},"end":{"line":10,"column":59}},"3":{"start":{"line":11,"column":27},"end":{"line":11,"column":78}},"4":{"start":{"line":12,"column":24},"end":{"line":17,"column":2}},"5":{"start":{"line":18,"column":18},"end":{"line":18,"column":31}},"6":{"start":{"line":19,"column":25},"end":{"line":19,"column":38}},"7":{"start":{"line":23,"column":4},"end":{"line":23,"column":59}},"8":{"start":{"line":23,"column":17},"end":{"line":23,"column":59}},"9":{"start":{"line":24,"column":4},"end":{"line":24,"column":63}},"10":{"start":{"line":28,"column":4},"end":{"line":28,"column":27}},"11":{"start":{"line":28,"column":15},"end":{"line":28,"column":27}},"12":{"start":{"line":29,"column":15},"end":{"line":29,"column":37}},"13":{"start":{"line":30,"column":19},"end":{"line":30,"column":60}},"14":{"start":{"line":31,"column":22},"end":{"line":31,"column":82}},"15":{"start":{"line":32,"column":20},"end":{"line":32,"column":39}},"16":{"start":{"line":33,"column":4},"end":{"line":33,"column":94}},"17":{"start":{"line":37,"column":22},"end":{"line":37,"column":40}},"18":{"start":{"line":38,"column":4},"end":{"line":38,"column":69}},"19":{"start":{"line":38,"column":57},"end":{"line":38,"column":69}},"20":{"start":{"line":40,"column":15},"end":{"line":40,"column":47}},"21":{"start":{"line":41,"column":26},"end":{"line":41,"column":58}},"22":{"start":{"line":42,"column":20},"end":{"line":42,"column":52}},"23":{"start":{"line":43,"column":21},"end":{"line":43,"column":64}},"24":{"start":{"line":44,"column":4},"end":{"line":44,"column":33}},"25":{"start":{"line":45,"column":22},"end":{"line":45,"column":87}},"26":{"start":{"line":46,"column":4},"end":{"line":46,"column":38}},"27":{"start":{"line":50,"column":22},"end":{"line":50,"column":40}},"28":{"start":{"line":51,"column":4},"end":{"line":51,"column":44}},"29":{"start":{"line":51,"column":32},"end":{"line":51,"column":44}},"30":{"start":{"line":53,"column":15},"end":{"line":53,"column":47}},"31":{"start":{"line":54,"column":26},"end":{"line":54,"column":58}},"32":{"start":{"line":55,"column":21},"end":{"line":55,"column":71}},"33":{"start":{"line":56,"column":20},"end":{"line":56,"column":65}},"34":{"start":{"line":57,"column":4},"end":{"line":57,"column":40}},"35":{"start":{"line":58,"column":4},"end":{"line":58,"column":21}},"36":{"start":{"line":62,"column":4},"end":{"line":62,"column":27}},"37":{"start":{"line":62,"column":15},"end":{"line":62,"column":27}},"38":{"start":{"line":63,"column":4},"end":{"line":74,"column":5}},"39":{"start":{"line":64,"column":8},"end":{"line":66,"column":9}},"40":{"start":{"line":65,"column":12},"end":{"line":65,"column":82}},"41":{"start":{"line":67,"column":8},"end":{"line":69,"column":9}},"42":{"start":{"line":68,"column":12},"end":{"line":68,"column":80}},"43":{"start":{"line":71,"column":8},"end":{"line":71,"column":53}},"44":{"start":{"line":73,"column":8},"end":{"line":73,"column":54}},"45":{"start":{"line":79,"column":21},"end":{"line":79,"column":82}},"46":{"start":{"line":80,"column":4},"end":{"line":80,"column":55}},"47":{"start":{"line":84,"column":4},"end":{"line":84,"column":51}},"48":{"start":{"line":84,"column":39},"end":{"line":84,"column":51}},"49":{"start":{"line":85,"column":4},"end":{"line":85,"column":58}},"50":{"start":{"line":85,"column":46},"end":{"line":85,"column":58}},"51":{"start":{"line":87,"column":18},"end":{"line":87,"column":93}},"52":{"start":{"line":88,"column":4},"end":{"line":88,"column":28}},"53":{"start":{"line":88,"column":16},"end":{"line":88,"column":28}},"54":{"start":{"line":90,"column":4},"end":{"line":93,"column":6}},"55":{"start":{"line":97,"column":4},"end":{"line":97,"column":49}},"56":{"start":{"line":97,"column":37},"end":{"line":97,"column":49}},"57":{"start":{"line":98,"column":20},"end":{"line":98,"column":52}},"58":{"start":{"line":99,"column":4},"end":{"line":99,"column":60}},"59":{"start":{"line":103,"column":4},"end":{"line":103,"column":48}},"60":{"start":{"line":103,"column":35},"end":{"line":103,"column":48}},"61":{"start":{"line":104,"column":20},"end":{"line":104,"column":32}},"62":{"start":{"line":105,"column":4},"end":{"line":105,"column":66}},"63":{"start":{"line":105,"column":53},"end":{"line":105,"column":66}},"64":{"start":{"line":106,"column":4},"end":{"line":106,"column":41}},"65":{"start":{"line":110,"column":24},"end":{"line":110,"column":53}},"66":{"start":{"line":111,"column":4},"end":{"line":111,"column":66}},"67":{"start":{"line":116,"column":4},"end":{"line":116,"column":41}},"68":{"start":{"line":117,"column":4},"end":{"line":117,"column":49}},"69":{"start":{"line":121,"column":19},"end":{"line":121,"column":37}},"70":{"start":{"line":122,"column":4},"end":{"line":122,"column":29}},"71":{"start":{"line":122,"column":17},"end":{"line":122,"column":29}},"72":{"start":{"line":123,"column":4},"end":{"line":123,"column":51}},"73":{"start":{"line":123,"column":38},"end":{"line":123,"column":51}},"74":{"start":{"line":125,"column":4},"end":{"line":125,"column":51}},"75":{"start":{"line":126,"column":4},"end":{"line":126,"column":30}},"76":{"start":{"line":127,"column":4},"end":{"line":127,"column":16}},"77":{"start":{"line":131,"column":4},"end":{"line":131,"column":47}},"78":{"start":{"line":131,"column":34},"end":{"line":131,"column":47}},"79":{"start":{"line":132,"column":4},"end":{"line":135,"column":5}},"80":{"start":{"line":133,"column":8},"end":{"line":133,"column":62}},"81":{"start":{"line":134,"column":8},"end":{"line":134,"column":20}},"82":{"start":{"line":136,"column":4},"end":{"line":136,"column":61}},"83":{"start":{"line":137,"column":4},"end":{"line":137,"column":75}},"84":{"start":{"line":138,"column":4},"end":{"line":138,"column":29}},"85":{"start":{"line":139,"column":4},"end":{"line":139,"column":16}},"86":{"start":{"line":143,"column":4},"end":{"line":143,"column":48}},"87":{"start":{"line":143,"column":35},"end":{"line":143,"column":48}},"88":{"start":{"line":144,"column":4},"end":{"line":144,"column":40}},"89":{"start":{"line":144,"column":27},"end":{"line":144,"column":40}},"90":{"start":{"line":145,"column":4},"end":{"line":145,"column":42}},"91":{"start":{"line":145,"column":29},"end":{"line":145,"column":42}},"92":{"start":{"line":146,"column":4},"end":{"line":146,"column":16}},"93":{"start":{"line":150,"column":4},"end":{"line":150,"column":48}},"94":{"start":{"line":150,"column":36},"end":{"line":150,"column":48}},"95":{"start":{"line":152,"column":4},"end":{"line":152,"column":35}},"96":{"start":{"line":153,"column":4},"end":{"line":153,"column":35}},"97":{"start":{"line":156,"column":18},"end":{"line":156,"column":73}},"98":{"start":{"line":157,"column":4},"end":{"line":157,"column":28}},"99":{"start":{"line":157,"column":16},"end":{"line":157,"column":28}},"100":{"start":{"line":159,"column":16},"end":{"line":159,"column":34}},"101":{"start":{"line":160,"column":20},"end":{"line":160,"column":53}},"102":{"start":{"line":161,"column":4},"end":{"line":161,"column":61}},"103":{"start":{"line":161,"column":49},"end":{"line":161,"column":61}},"104":{"start":{"line":162,"column":4},"end":{"line":162,"column":49}},"105":{"start":{"line":162,"column":37},"end":{"line":162,"column":49}},"106":{"start":{"line":164,"column":4},"end":{"line":164,"column":67}},"107":{"start":{"line":164,"column":55},"end":{"line":164,"column":67}},"108":{"start":{"line":165,"column":4},"end":{"line":165,"column":67}},"109":{"start":{"line":165,"column":57},"end":{"line":165,"column":67}},"110":{"start":{"line":167,"column":14},"end":{"line":167,"column":34}},"111":{"start":{"line":168,"column":4},"end":{"line":168,"column":40}},"112":{"start":{"line":168,"column":28},"end":{"line":168,"column":40}},"113":{"start":{"line":170,"column":4},"end":{"line":170,"column":37}},"114":{"start":{"line":171,"column":4},"end":{"line":171,"column":13}},"115":{"start":{"line":174,"column":0},"end":{"line":200,"column":2}}},"fnMap":{"0":{"name":"deriveKey","decl":{"start":{"line":22,"column":9},"end":{"line":22,"column":18}},"loc":{"start":{"line":22,"column":27},"end":{"line":25,"column":1}},"line":22},"1":{"name":"encrypt","decl":{"start":{"line":27,"column":9},"end":{"line":27,"column":16}},"loc":{"start":{"line":27,"column":28},"end":{"line":34,"column":1}},"line":27},"2":{"name":"decryptCurrentGcm","decl":{"start":{"line":36,"column":9},"end":{"line":36,"column":26}},"loc":{"start":{"line":36,"column":41},"end":{"line":47,"column":1}},"line":36},"3":{"name":"decryptLegacyCbc","decl":{"start":{"line":49,"column":9},"end":{"line":49,"column":25}},"loc":{"start":{"line":49,"column":40},"end":{"line":59,"column":1}},"line":49},"4":{"name":"decryptStoredNotionKey","decl":{"start":{"line":61,"column":9},"end":{"line":61,"column":31}},"loc":{"start":{"line":61,"column":43},"end":{"line":75,"column":1}},"line":61},"5":{"name":"sanitizeSyncType","decl":{"start":{"line":78,"column":9},"end":{"line":78,"column":25}},"loc":{"start":{"line":78,"column":33},"end":{"line":81,"column":1}},"line":78},"6":{"name":"parseImageDataUrl","decl":{"start":{"line":83,"column":9},"end":{"line":83,"column":26}},"loc":{"start":{"line":83,"column":38},"end":{"line":94,"column":1}},"line":83},"7":{"name":"normalizeNotionDbId","decl":{"start":{"line":96,"column":9},"end":{"line":96,"column":28}},"loc":{"start":{"line":96,"column":38},"end":{"line":100,"column":1}},"line":96},"8":{"name":"isLikelyNotionKey","decl":{"start":{"line":102,"column":9},"end":{"line":102,"column":26}},"loc":{"start":{"line":102,"column":34},"end":{"line":107,"column":1}},"line":102},"9":{"name":"isJsonRequest","decl":{"start":{"line":109,"column":9},"end":{"line":109,"column":22}},"loc":{"start":{"line":109,"column":28},"end":{"line":112,"column":1}},"line":109},"10":{"name":"setStandardHeaders","decl":{"start":{"line":115,"column":9},"end":{"line":115,"column":27}},"loc":{"start":{"line":115,"column":33},"end":{"line":118,"column":1}},"line":115},"11":{"name":"applyCors","decl":{"start":{"line":120,"column":9},"end":{"line":120,"column":18}},"loc":{"start":{"line":120,"column":29},"end":{"line":128,"column":1}},"line":120},"12":{"name":"handleOptions","decl":{"start":{"line":130,"column":9},"end":{"line":130,"column":22}},"loc":{"start":{"line":130,"column":33},"end":{"line":140,"column":1}},"line":130},"13":{"name":"validateTokenFormat","decl":{"start":{"line":142,"column":9},"end":{"line":142,"column":28}},"loc":{"start":{"line":142,"column":36},"end":{"line":147,"column":1}},"line":142},"14":{"name":"parseDateTime","decl":{"start":{"line":149,"column":9},"end":{"line":149,"column":22}},"loc":{"start":{"line":149,"column":47},"end":{"line":172,"column":1}},"line":149}},"branchMap":{"0":{"loc":{"start":{"line":23,"column":4},"end":{"line":23,"column":59}},"type":"if","locations":[{"start":{"line":23,"column":4},"end":{"line":23,"column":59}},{"start":{},"end":{}}],"line":23},"1":{"loc":{"start":{"line":28,"column":4},"end":{"line":28,"column":27}},"type":"if","locations":[{"start":{"line":28,"column":4},"end":{"line":28,"column":27}},{"start":{},"end":{}}],"line":28},"2":{"loc":{"start":{"line":38,"column":4},"end":{"line":38,"column":69}},"type":"if","locations":[{"start":{"line":38,"column":4},"end":{"line":38,"column":69}},{"start":{},"end":{}}],"line":38},"3":{"loc":{"start":{"line":38,"column":8},"end":{"line":38,"column":55}},"type":"binary-expr","locations":[{"start":{"line":38,"column":8},"end":{"line":38,"column":30}},{"start":{"line":38,"column":34},"end":{"line":38,"column":55}}],"line":38},"4":{"loc":{"start":{"line":51,"column":4},"end":{"line":51,"column":44}},"type":"if","locations":[{"start":{"line":51,"column":4},"end":{"line":51,"column":44}},{"start":{},"end":{}}],"line":51},"5":{"loc":{"start":{"line":62,"column":4},"end":{"line":62,"column":27}},"type":"if","locations":[{"start":{"line":62,"column":4},"end":{"line":62,"column":27}},{"start":{},"end":{}}],"line":62},"6":{"loc":{"start":{"line":64,"column":8},"end":{"line":66,"column":9}},"type":"if","locations":[{"start":{"line":64,"column":8},"end":{"line":66,"column":9}},{"start":{},"end":{}}],"line":64},"7":{"loc":{"start":{"line":67,"column":8},"end":{"line":69,"column":9}},"type":"if","locations":[{"start":{"line":67,"column":8},"end":{"line":69,"column":9}},{"start":{},"end":{}}],"line":67},"8":{"loc":{"start":{"line":79,"column":22},"end":{"line":79,"column":67}},"type":"cond-expr","locations":[{"start":{"line":79,"column":50},"end":{"line":79,"column":55}},{"start":{"line":79,"column":58},"end":{"line":79,"column":67}}],"line":79},"9":{"loc":{"start":{"line":80,"column":11},"end":{"line":80,"column":54}},"type":"cond-expr","locations":[{"start":{"line":80,"column":34},"end":{"line":80,"column":43}},{"start":{"line":80,"column":46},"end":{"line":80,"column":54}}],"line":80},"10":{"loc":{"start":{"line":84,"column":4},"end":{"line":84,"column":51}},"type":"if","locations":[{"start":{"line":84,"column":4},"end":{"line":84,"column":51}},{"start":{},"end":{}}],"line":84},"11":{"loc":{"start":{"line":85,"column":4},"end":{"line":85,"column":58}},"type":"if","locations":[{"start":{"line":85,"column":4},"end":{"line":85,"column":58}},{"start":{},"end":{}}],"line":85},"12":{"loc":{"start":{"line":88,"column":4},"end":{"line":88,"column":28}},"type":"if","locations":[{"start":{"line":88,"column":4},"end":{"line":88,"column":28}},{"start":{},"end":{}}],"line":88},"13":{"loc":{"start":{"line":97,"column":4},"end":{"line":97,"column":49}},"type":"if","locations":[{"start":{"line":97,"column":4},"end":{"line":97,"column":49}},{"start":{},"end":{}}],"line":97},"14":{"loc":{"start":{"line":99,"column":11},"end":{"line":99,"column":59}},"type":"cond-expr","locations":[{"start":{"line":99,"column":45},"end":{"line":99,"column":52}},{"start":{"line":99,"column":55},"end":{"line":99,"column":59}}],"line":99},"15":{"loc":{"start":{"line":103,"column":4},"end":{"line":103,"column":48}},"type":"if","locations":[{"start":{"line":103,"column":4},"end":{"line":103,"column":48}},{"start":{},"end":{}}],"line":103},"16":{"loc":{"start":{"line":105,"column":4},"end":{"line":105,"column":66}},"type":"if","locations":[{"start":{"line":105,"column":4},"end":{"line":105,"column":66}},{"start":{},"end":{}}],"line":105},"17":{"loc":{"start":{"line":105,"column":8},"end":{"line":105,"column":51}},"type":"binary-expr","locations":[{"start":{"line":105,"column":8},"end":{"line":105,"column":27}},{"start":{"line":105,"column":31},"end":{"line":105,"column":51}}],"line":105},"18":{"loc":{"start":{"line":110,"column":24},"end":{"line":110,"column":53}},"type":"binary-expr","locations":[{"start":{"line":110,"column":24},"end":{"line":110,"column":47}},{"start":{"line":110,"column":51},"end":{"line":110,"column":53}}],"line":110},"19":{"loc":{"start":{"line":122,"column":4},"end":{"line":122,"column":29}},"type":"if","locations":[{"start":{"line":122,"column":4},"end":{"line":122,"column":29}},{"start":{},"end":{}}],"line":122},"20":{"loc":{"start":{"line":123,"column":4},"end":{"line":123,"column":51}},"type":"if","locations":[{"start":{"line":123,"column":4},"end":{"line":123,"column":51}},{"start":{},"end":{}}],"line":123},"21":{"loc":{"start":{"line":131,"column":4},"end":{"line":131,"column":47}},"type":"if","locations":[{"start":{"line":131,"column":4},"end":{"line":131,"column":47}},{"start":{},"end":{}}],"line":131},"22":{"loc":{"start":{"line":132,"column":4},"end":{"line":135,"column":5}},"type":"if","locations":[{"start":{"line":132,"column":4},"end":{"line":135,"column":5}},{"start":{},"end":{}}],"line":132},"23":{"loc":{"start":{"line":143,"column":4},"end":{"line":143,"column":48}},"type":"if","locations":[{"start":{"line":143,"column":4},"end":{"line":143,"column":48}},{"start":{},"end":{}}],"line":143},"24":{"loc":{"start":{"line":144,"column":4},"end":{"line":144,"column":40}},"type":"if","locations":[{"start":{"line":144,"column":4},"end":{"line":144,"column":40}},{"start":{},"end":{}}],"line":144},"25":{"loc":{"start":{"line":145,"column":4},"end":{"line":145,"column":42}},"type":"if","locations":[{"start":{"line":145,"column":4},"end":{"line":145,"column":42}},{"start":{},"end":{}}],"line":145},"26":{"loc":{"start":{"line":150,"column":4},"end":{"line":150,"column":48}},"type":"if","locations":[{"start":{"line":150,"column":4},"end":{"line":150,"column":48}},{"start":{},"end":{}}],"line":150},"27":{"loc":{"start":{"line":150,"column":8},"end":{"line":150,"column":34}},"type":"binary-expr","locations":[{"start":{"line":150,"column":8},"end":{"line":150,"column":19}},{"start":{"line":150,"column":23},"end":{"line":150,"column":34}}],"line":150},"28":{"loc":{"start":{"line":157,"column":4},"end":{"line":157,"column":28}},"type":"if","locations":[{"start":{"line":157,"column":4},"end":{"line":157,"column":28}},{"start":{},"end":{}}],"line":157},"29":{"loc":{"start":{"line":160,"column":20},"end":{"line":160,"column":53}},"type":"cond-expr","locations":[{"start":{"line":160,"column":31},"end":{"line":160,"column":49}},{"start":{"line":160,"column":52},"end":{"line":160,"column":53}}],"line":160},"30":{"loc":{"start":{"line":161,"column":4},"end":{"line":161,"column":61}},"type":"if","locations":[{"start":{"line":161,"column":4},"end":{"line":161,"column":61}},{"start":{},"end":{}}],"line":161},"31":{"loc":{"start":{"line":161,"column":8},"end":{"line":161,"column":47}},"type":"binary-expr","locations":[{"start":{"line":161,"column":8},"end":{"line":161,"column":20}},{"start":{"line":161,"column":24},"end":{"line":161,"column":33}},{"start":{"line":161,"column":37},"end":{"line":161,"column":47}}],"line":161},"32":{"loc":{"start":{"line":162,"column":4},"end":{"line":162,"column":49}},"type":"if","locations":[{"start":{"line":162,"column":4},"end":{"line":162,"column":49}},{"start":{},"end":{}}],"line":162},"33":{"loc":{"start":{"line":162,"column":8},"end":{"line":162,"column":35}},"type":"binary-expr","locations":[{"start":{"line":162,"column":8},"end":{"line":162,"column":19}},{"start":{"line":162,"column":23},"end":{"line":162,"column":35}}],"line":162},"34":{"loc":{"start":{"line":164,"column":4},"end":{"line":164,"column":67}},"type":"if","locations":[{"start":{"line":164,"column":4},"end":{"line":164,"column":67}},{"start":{},"end":{}}],"line":164},"35":{"loc":{"start":{"line":164,"column":8},"end":{"line":164,"column":53}},"type":"binary-expr","locations":[{"start":{"line":164,"column":8},"end":{"line":164,"column":39}},{"start":{"line":164,"column":43},"end":{"line":164,"column":53}}],"line":164},"36":{"loc":{"start":{"line":165,"column":4},"end":{"line":165,"column":67}},"type":"if","locations":[{"start":{"line":165,"column":4},"end":{"line":165,"column":67}},{"start":{},"end":{}}],"line":165},"37":{"loc":{"start":{"line":165,"column":8},"end":{"line":165,"column":55}},"type":"binary-expr","locations":[{"start":{"line":165,"column":8},"end":{"line":165,"column":39}},{"start":{"line":165,"column":43},"end":{"line":165,"column":55}}],"line":165},"38":{"loc":{"start":{"line":168,"column":4},"end":{"line":168,"column":40}},"type":"if","locations":[{"start":{"line":168,"column":4},"end":{"line":168,"column":40}},{"start":{},"end":{}}],"line":168}},"s":{"0":2,"1":2,"2":2,"3":2,"4":2,"5":2,"6":2,"7":16,"8":3,"9":13,"10":15,"11":3,"12":12,"13":12,"14":12,"15":12,"16":12,"17":17,"18":17,"19":4,"20":13,"21":13,"22":13,"23":13,"24":13,"25":12,"26":10,"27":4,"28":4,"29":2,"30":2,"31":2,"32":2,"33":2,"34":2,"35":2,"36":7,"37":3,"38":4,"39":4,"40":2,"41":2,"42":1,"43":1,"44":1,"45":26,"46":26,"47":29,"48":3,"49":26,"50":1,"51":25,"52":25,"53":6,"54":19,"55":16,"56":4,"57":12,"58":12,"59":16,"60":3,"61":13,"62":13,"63":4,"64":9,"65":32,"66":32,"67":31,"68":31,"69":39,"70":39,"71":29,"72":10,"73":4,"74":6,"75":6,"76":6,"77":34,"78":31,"79":3,"80":1,"81":1,"82":2,"83":2,"84":2,"85":2,"86":24,"87":5,"88":19,"89":2,"90":17,"91":1,"92":16,"93":32,"94":5,"95":27,"96":27,"97":27,"98":27,"99":4,"100":23,"101":23,"102":23,"103":3,"104":20,"105":1,"106":19,"107":5,"108":19,"109":1,"110":19,"111":19,"112":2,"113":17,"114":17,"115":2},"f":{"0":16,"1":15,"2":17,"3":4,"4":7,"5":26,"6":29,"7":16,"8":16,"9":32,"10":31,"11":39,"12":34,"13":24,"14":32},"b":{"0":[3,13],"1":[3,12],"2":[4,13],"3":[17,14],"4":[2,2],"5":[3,4],"6":[2,2],"7":[1,1],"8":[22,4],"9":[3,23],"10":[3,26],"11":[1,25],"12":[6,19],"13":[4,12],"14":[6,6],"15":[3,13],"16":[4,9],"17":[13,11],"18":[32,2],"19":[29,10],"20":[4,6],"21":[31,3],"22":[1,2],"23":[5,19],"24":[2,17],"25":[1,16],"26":[5,27],"27":[32,28],"28":[4,23],"29":[6,17],"30":[3,20],"31":[23,23,22],"32":[1,19],"33":[20,20],"34":[5,14],"35":[19,7],"36":[1,18],"37":[19,12],"38":[2,17]},"_coverageSchema":"1a1c01bbd47fc00a2c39e90264f33305004495a9","hash":"06861fa01db2652c8d9001b6eec8e964b0276050"}
}
