TN:
SF:index.js
FN:45,getCryptoKey
FN:51,encrypt
FN:56,decryptLegacyCbc
FN:60,decryptCurrentGcm
FN:64,decryptStoredNotionKey
FN:81,resolveUserEmailFromGoogleToken
FN:99,getDecryptedNotionKeyAndMigrate
FN:117,(anonymous_7)
FN:155,(anonymous_8)
FN:204,(anonymous_9)
FN:237,(anonymous_10)
FN:298,(anonymous_11)
FN:409,(anonymous_12)
FN:431,(anonymous_13)
FN:464,uploadFileToNotion
FN:512,fetchWithTimeout
FN:514,(anonymous_16)
FN:526,callGeminiModel
FN:556,(anonymous_18)
FN:583,getPlannerDataFromImage
FN:627,syncCalendarEvents
FN:642,(anonymous_21)
FN:670,syncGoogleTasks
FN:691,updateCompletedTasks
FN:694,(anonymous_24)
FN:695,(anonymous_25)
FN:711,(anonymous_26)
FN:726,syncExpensesToSheet
FN:730,(anonymous_28)
FN:753,syncHealthToSheet
FN:783,syncBrainDumpToNotion
FN:838,getMorningPrompt
FN:859,getEveningPrompt
FN:882,getJournalDatePrompt
FNF:34
FNH:30
FNDA:4,getCryptoKey
FNDA:1,encrypt
FNDA:0,decryptLegacyCbc
FNDA:3,decryptCurrentGcm
FNDA:3,decryptStoredNotionKey
FNDA:8,resolveUserEmailFromGoogleToken
FNDA:3,getDecryptedNotionKeyAndMigrate
FNDA:4,(anonymous_7)
FNDA:4,(anonymous_8)
FNDA:2,(anonymous_9)
FNDA:9,(anonymous_10)
FNDA:0,(anonymous_11)
FNDA:1,(anonymous_12)
FNDA:5,(anonymous_13)
FNDA:2,uploadFileToNotion
FNDA:8,fetchWithTimeout
FNDA:0,(anonymous_16)
FNDA:8,callGeminiModel
FNDA:0,(anonymous_18)
FNDA:5,getPlannerDataFromImage
FNDA:1,syncCalendarEvents
FNDA:2,(anonymous_21)
FNDA:1,syncGoogleTasks
FNDA:2,updateCompletedTasks
FNDA:1,(anonymous_24)
FNDA:1,(anonymous_25)
FNDA:1,(anonymous_26)
FNDA:2,syncExpensesToSheet
FNDA:1,(anonymous_28)
FNDA:2,syncHealthToSheet
FNDA:1,syncBrainDumpToNotion
FNDA:2,getMorningPrompt
FNDA:2,getEveningPrompt
FNDA:1,getJournalDatePrompt
DA:1,1
DA:2,1
DA:10,1
DA:15,1
DA:16,1
DA:17,1
DA:20,1
DA:40,1
DA:41,1
DA:42,1
DA:46,4
DA:47,4
DA:52,1
DA:53,1
DA:57,0
DA:61,3
DA:65,3
DA:66,3
DA:67,3
DA:68,3
DA:70,0
DA:71,0
DA:74,0
DA:76,0
DA:77,0
DA:82,8
DA:83,0
DA:86,8
DA:87,8
DA:88,8
DA:89,8
DA:90,8
DA:91,7
DA:93,7
DA:94,0
DA:96,7
DA:100,3
DA:101,0
DA:104,3
DA:105,3
DA:106,1
DA:109,2
DA:110,0
DA:113,2
DA:117,1
DA:118,4
DA:119,4
DA:120,4
DA:122,4
DA:123,1
DA:125,3
DA:126,0
DA:129,3
DA:130,3
DA:131,3
DA:132,3
DA:134,3
DA:135,1
DA:138,2
DA:139,2
DA:141,1
DA:142,1
DA:143,1
DA:144,1
DA:146,1
DA:147,1
DA:149,1
DA:150,1
DA:155,1
DA:156,4
DA:157,4
DA:158,4
DA:160,4
DA:161,0
DA:163,4
DA:164,0
DA:167,4
DA:168,4
DA:169,4
DA:171,3
DA:172,3
DA:173,2
DA:174,2
DA:175,2
DA:176,2
DA:177,2
DA:179,2
DA:186,2
DA:187,1
DA:188,1
DA:195,2
DA:196,2
DA:198,1
DA:199,1
DA:204,1
DA:205,2
DA:206,2
DA:207,2
DA:209,2
DA:210,0
DA:212,2
DA:213,0
DA:216,2
DA:217,2
DA:218,2
DA:220,1
DA:221,1
DA:222,1
DA:223,1
DA:224,1
DA:225,1
DA:226,1
DA:228,1
DA:229,1
DA:231,0
DA:232,0
DA:237,1
DA:238,9
DA:239,9
DA:240,9
DA:242,9
DA:243,0
DA:245,9
DA:246,0
DA:249,9
DA:250,9
DA:251,9
DA:252,9
DA:254,9
DA:255,8
DA:256,7
DA:258,6
DA:260,6
DA:261,6
DA:262,6
DA:264,6
DA:265,6
DA:266,6
DA:269,6
DA:270,6
DA:271,6
DA:272,6
DA:275,6
DA:276,6
DA:277,6
DA:280,6
DA:281,2
DA:282,1
DA:286,1
DA:287,1
DA:288,1
DA:289,1
DA:292,1
DA:294,1
DA:296,1
DA:299,0
DA:300,0
DA:304,1
DA:305,1
DA:306,1
DA:307,1
DA:311,1
DA:313,1
DA:329,1
DA:334,4
DA:336,4
DA:337,2
DA:338,2
DA:340,1
DA:341,0
DA:344,1
DA:347,1
DA:352,1
DA:353,1
DA:354,1
DA:356,2
DA:358,2
DA:359,2
DA:360,2
DA:362,2
DA:365,2
DA:366,2
DA:369,2
DA:370,2
DA:371,1
DA:372,1
DA:381,1
DA:383,1
DA:387,1
DA:392,1
DA:393,1
DA:397,2
DA:399,2
DA:405,2
DA:406,2
DA:408,2
DA:409,1
DA:410,1
DA:411,1
DA:412,1
DA:413,1
DA:415,0
DA:416,0
DA:419,1
DA:421,1
DA:424,0
DA:428,2
DA:431,2
DA:432,5
DA:433,0
DA:434,0
DA:437,2
DA:438,2
DA:439,2
DA:441,2
DA:442,2
DA:443,2
DA:445,2
DA:446,2
DA:448,0
DA:451,2
DA:452,2
DA:455,1
DA:458,1
DA:459,1
DA:465,2
DA:466,2
DA:468,2
DA:481,2
DA:482,2
DA:483,2
DA:485,2
DA:488,2
DA:489,2
DA:490,2
DA:492,2
DA:501,2
DA:503,2
DA:504,2
DA:506,0
DA:507,0
DA:513,8
DA:514,8
DA:515,8
DA:516,8
DA:517,8
DA:518,8
DA:520,0
DA:521,0
DA:527,8
DA:528,8
DA:529,8
DA:539,8
DA:540,8
DA:542,8
DA:543,8
DA:544,8
DA:550,8
DA:551,4
DA:552,0
DA:553,0
DA:554,0
DA:555,0
DA:556,0
DA:557,0
DA:559,0
DA:561,4
DA:562,0
DA:563,0
DA:566,4
DA:567,4
DA:568,0
DA:570,4
DA:574,4
DA:576,4
DA:577,4
DA:584,5
DA:585,5
DA:586,5
DA:588,5
DA:589,0
DA:591,5
DA:592,0
DA:598,5
DA:603,5
DA:610,5
DA:612,5
DA:613,8
DA:614,8
DA:616,4
DA:618,4
DA:619,3
DA:624,1
DA:628,1
DA:629,1
DA:630,1
DA:631,1
DA:634,1
DA:637,1
DA:642,1
DA:643,2
DA:644,2
DA:647,1
DA:648,1
DA:649,1
DA:651,1
DA:663,1
DA:664,1
DA:667,1
DA:671,1
DA:672,1
DA:673,1
DA:675,1
DA:676,1
DA:677,1
DA:685,1
DA:688,1
DA:693,2
DA:694,1
DA:695,1
DA:697,2
DA:700,1
DA:705,1
DA:706,1
DA:708,1
DA:709,1
DA:711,1
DA:713,1
DA:714,1
DA:715,1
DA:720,1
DA:723,1
DA:727,2
DA:730,1
DA:737,1
DA:739,1
DA:740,1
DA:746,1
DA:748,0
DA:749,0
DA:754,2
DA:757,1
DA:766,1
DA:768,1
DA:769,1
DA:775,1
DA:777,0
DA:778,0
DA:784,1
DA:786,1
DA:787,0
DA:788,0
DA:791,1
DA:792,1
DA:793,1
DA:795,1
DA:796,1
DA:799,1
DA:800,1
DA:810,1
DA:811,0
DA:821,1
DA:828,1
DA:830,0
DA:831,0
DA:839,2
DA:860,2
DA:883,1
LF:368
LH:315
BRDA:52,0,0,0
BRDA:52,0,1,1
BRDA:65,1,0,0
BRDA:65,1,1,3
BRDA:67,2,0,3
BRDA:67,2,1,0
BRDA:70,3,0,0
BRDA:70,3,1,0
BRDA:82,4,0,0
BRDA:82,4,1,8
BRDA:93,5,0,0
BRDA:93,5,1,7
BRDA:100,6,0,0
BRDA:100,6,1,3
BRDA:105,7,0,1
BRDA:105,7,1,2
BRDA:109,8,0,0
BRDA:109,8,1,2
BRDA:119,9,0,0
BRDA:119,9,1,4
BRDA:120,10,0,0
BRDA:120,10,1,4
BRDA:122,11,0,1
BRDA:122,11,1,3
BRDA:125,12,0,0
BRDA:125,12,1,3
BRDA:129,13,0,3
BRDA:129,13,1,1
BRDA:131,14,0,2
BRDA:131,14,1,1
BRDA:134,15,0,1
BRDA:134,15,1,2
BRDA:134,16,0,3
BRDA:134,16,1,2
BRDA:134,16,2,2
BRDA:157,17,0,0
BRDA:157,17,1,4
BRDA:158,18,0,0
BRDA:158,18,1,4
BRDA:160,19,0,0
BRDA:160,19,1,4
BRDA:163,20,0,0
BRDA:163,20,1,4
BRDA:167,21,0,4
BRDA:167,21,1,0
BRDA:169,22,0,1
BRDA:169,22,1,3
BRDA:174,23,0,0
BRDA:174,23,1,2
BRDA:186,24,0,1
BRDA:186,24,1,1
BRDA:190,25,0,1
BRDA:190,25,1,0
BRDA:206,26,0,0
BRDA:206,26,1,2
BRDA:207,27,0,0
BRDA:207,27,1,2
BRDA:209,28,0,0
BRDA:209,28,1,2
BRDA:212,29,0,0
BRDA:212,29,1,2
BRDA:216,30,0,2
BRDA:216,30,1,0
BRDA:218,31,0,1
BRDA:218,31,1,1
BRDA:223,32,0,0
BRDA:223,32,1,1
BRDA:239,33,0,0
BRDA:239,33,1,9
BRDA:240,34,0,0
BRDA:240,34,1,9
BRDA:242,35,0,0
BRDA:242,35,1,9
BRDA:245,36,0,0
BRDA:245,36,1,9
BRDA:249,37,0,9
BRDA:249,37,1,0
BRDA:254,38,0,1
BRDA:254,38,1,8
BRDA:255,39,0,1
BRDA:255,39,1,7
BRDA:256,40,0,1
BRDA:256,40,1,6
BRDA:272,41,0,5
BRDA:272,41,1,1
BRDA:280,42,0,2
BRDA:280,42,1,4
BRDA:281,43,0,1
BRDA:281,43,1,1
BRDA:281,44,0,2
BRDA:281,44,1,1
BRDA:288,45,0,0
BRDA:288,45,1,1
BRDA:305,46,0,1
BRDA:305,46,1,0
BRDA:305,47,0,1
BRDA:305,47,1,1
BRDA:336,48,0,2
BRDA:336,48,1,2
BRDA:340,49,0,0
BRDA:340,49,1,1
BRDA:356,50,0,2
BRDA:356,50,1,0
BRDA:360,51,0,0
BRDA:360,51,1,2
BRDA:366,52,0,1
BRDA:366,52,1,1
BRDA:370,53,0,1
BRDA:370,53,1,1
BRDA:405,54,0,2
BRDA:405,54,1,0
BRDA:405,55,0,2
BRDA:405,55,1,2
BRDA:408,56,0,1
BRDA:408,56,1,1
BRDA:432,57,0,5
BRDA:432,57,1,0
BRDA:433,58,0,0
BRDA:433,58,1,0
BRDA:434,59,0,0
BRDA:434,59,1,0
BRDA:439,60,0,1
BRDA:439,60,1,1
BRDA:441,61,0,1
BRDA:441,61,1,1
BRDA:442,62,0,1
BRDA:442,62,1,1
BRDA:443,63,0,1
BRDA:443,63,1,1
BRDA:445,64,0,0
BRDA:445,64,1,2
BRDA:458,65,0,0
BRDA:458,65,1,1
BRDA:481,66,0,0
BRDA:481,66,1,2
BRDA:501,67,0,0
BRDA:501,67,1,2
BRDA:512,68,0,0
BRDA:550,69,0,4
BRDA:550,69,1,4
BRDA:551,70,0,0
BRDA:551,70,1,4
BRDA:553,71,0,0
BRDA:553,71,1,0
BRDA:561,72,0,4
BRDA:561,72,1,0
BRDA:567,73,0,0
BRDA:567,73,1,4
BRDA:567,74,0,4
BRDA:567,74,1,4
BRDA:574,75,0,0
BRDA:574,75,1,4
BRDA:574,76,0,4
BRDA:574,76,1,0
BRDA:574,76,2,0
BRDA:588,77,0,0
BRDA:588,77,1,5
BRDA:588,78,0,5
BRDA:588,78,1,5
BRDA:591,79,0,0
BRDA:591,79,1,5
BRDA:598,80,0,2
BRDA:598,80,1,3
BRDA:599,81,0,1
BRDA:599,81,1,2
BRDA:618,82,0,3
BRDA:618,82,1,1
BRDA:624,83,0,1
BRDA:624,83,1,0
BRDA:629,84,0,1
BRDA:629,84,1,0
BRDA:630,85,0,1
BRDA:630,85,1,0
BRDA:630,86,0,1
BRDA:630,86,1,0
BRDA:630,86,2,1
BRDA:634,87,0,0
BRDA:634,87,1,1
BRDA:659,88,0,0
BRDA:659,88,1,1
BRDA:663,89,0,1
BRDA:663,89,1,0
BRDA:664,90,0,0
BRDA:664,90,1,1
BRDA:675,91,0,1
BRDA:675,91,1,0
BRDA:676,92,0,1
BRDA:676,92,1,0
BRDA:681,93,0,0
BRDA:681,93,1,1
BRDA:693,94,0,2
BRDA:693,94,1,0
BRDA:697,95,0,1
BRDA:697,95,1,1
BRDA:706,96,0,0
BRDA:706,96,1,1
BRDA:706,97,0,1
BRDA:706,97,1,1
BRDA:713,98,0,1
BRDA:713,98,1,0
BRDA:727,99,0,1
BRDA:727,99,1,1
BRDA:727,100,0,2
BRDA:727,100,1,2
BRDA:754,101,0,1
BRDA:754,101,1,1
BRDA:754,102,0,2
BRDA:754,102,1,2
BRDA:759,103,0,1
BRDA:759,103,1,0
BRDA:760,104,0,1
BRDA:760,104,1,0
BRDA:761,105,0,1
BRDA:761,105,1,0
BRDA:762,106,0,1
BRDA:762,106,1,0
BRDA:784,107,0,0
BRDA:784,107,1,1
BRDA:784,108,0,1
BRDA:784,108,1,1
BRDA:784,108,2,0
BRDA:786,109,0,0
BRDA:786,109,1,1
BRDA:786,110,0,1
BRDA:786,110,1,1
BRDA:799,111,0,1
BRDA:799,111,1,0
BRDA:810,112,0,0
BRDA:810,112,1,1
BRF:229
BRH:150
end_of_record
TN:
SF:utils.js
FN:22,deriveKey
FN:27,encrypt
FN:36,decryptCurrentGcm
FN:49,decryptLegacyCbc
FN:61,decryptStoredNotionKey
FN:78,sanitizeSyncType
FN:83,parseImageDataUrl
FN:96,normalizeNotionDbId
FN:102,isLikelyNotionKey
FN:109,isJsonRequest
FN:115,setStandardHeaders
FN:120,applyCors
FN:130,handleOptions
FN:142,validateTokenFormat
FN:149,parseDateTime
FNF:15
FNH:15
FNDA:13,deriveKey
FNDA:15,encrypt
FNDA:14,decryptCurrentGcm
FNDA:4,decryptLegacyCbc
FNDA:7,decryptStoredNotionKey
FNDA:21,sanitizeSyncType
FNDA:24,parseImageDataUrl
FNDA:16,normalizeNotionDbId
FNDA:16,isLikelyNotionKey
FNDA:25,isJsonRequest
FNDA:20,setStandardHeaders
FNDA:28,applyCors
FNDA:23,handleOptions
FNDA:19,validateTokenFormat
FNDA:27,parseDateTime
DA:6,2
DA:9,2
DA:10,2
DA:11,2
DA:12,2
DA:18,2
DA:19,2
DA:23,13
DA:24,10
DA:28,15
DA:29,12
DA:30,12
DA:31,12
DA:32,12
DA:33,12
DA:37,14
DA:38,14
DA:40,10
DA:41,10
DA:42,10
DA:43,10
DA:44,10
DA:45,9
DA:46,7
DA:50,4
DA:51,4
DA:53,2
DA:54,2
DA:55,2
DA:56,2
DA:57,2
DA:58,2
DA:62,7
DA:63,4
DA:64,4
DA:65,2
DA:67,2
DA:68,1
DA:71,1
DA:73,1
DA:79,21
DA:80,21
DA:84,24
DA:85,21
DA:87,20
DA:88,20
DA:90,14
DA:97,16
DA:98,12
DA:99,12
DA:103,16
DA:104,13
DA:105,13
DA:106,9
DA:110,25
DA:111,25
DA:116,20
DA:117,20
DA:121,28
DA:122,28
DA:123,8
DA:125,5
DA:126,5
DA:127,5
DA:131,23
DA:132,2
DA:133,1
DA:134,1
DA:136,1
DA:137,1
DA:138,1
DA:139,1
DA:143,19
DA:144,14
DA:145,12
DA:146,11
DA:150,27
DA:152,22
DA:153,22
DA:156,22
DA:157,22
DA:159,20
DA:160,20
DA:161,20
DA:162,17
DA:164,17
DA:165,17
DA:167,17
DA:168,17
DA:170,15
DA:171,15
DA:174,2
LF:92
LH:92
BRDA:23,0,0,3
BRDA:23,0,1,10
BRDA:28,1,0,3
BRDA:28,1,1,12
BRDA:38,2,0,4
BRDA:38,2,1,10
BRDA:38,3,0,14
BRDA:38,3,1,11
BRDA:51,4,0,2
BRDA:51,4,1,2
BRDA:62,5,0,3
BRDA:62,5,1,4
BRDA:64,6,0,2
BRDA:64,6,1,2
BRDA:67,7,0,1
BRDA:67,7,1,1
BRDA:79,8,0,17
BRDA:79,8,1,4
BRDA:80,9,0,3
BRDA:80,9,1,18
BRDA:84,10,0,3
BRDA:84,10,1,21
BRDA:85,11,0,1
BRDA:85,11,1,20
BRDA:88,12,0,6
BRDA:88,12,1,14
BRDA:97,13,0,4
BRDA:97,13,1,12
BRDA:99,14,0,6
BRDA:99,14,1,6
BRDA:103,15,0,3
BRDA:103,15,1,13
BRDA:105,16,0,4
BRDA:105,16,1,9
BRDA:105,17,0,13
BRDA:105,17,1,11
BRDA:110,18,0,25
BRDA:110,18,1,2
BRDA:122,19,0,20
BRDA:122,19,1,8
BRDA:123,20,0,3
BRDA:123,20,1,5
BRDA:131,21,0,21
BRDA:131,21,1,2
BRDA:132,22,0,1
BRDA:132,22,1,1
BRDA:143,23,0,5
BRDA:143,23,1,14
BRDA:144,24,0,2
BRDA:144,24,1,12
BRDA:145,25,0,1
BRDA:145,25,1,11
BRDA:150,26,0,5
BRDA:150,26,1,22
BRDA:150,27,0,27
BRDA:150,27,1,23
BRDA:157,28,0,2
BRDA:157,28,1,20
BRDA:160,29,0,3
BRDA:160,29,1,17
BRDA:161,30,0,3
BRDA:161,30,1,17
BRDA:161,31,0,20
BRDA:161,31,1,20
BRDA:161,31,2,19
BRDA:162,32,0,0
BRDA:162,32,1,17
BRDA:162,33,0,17
BRDA:162,33,1,17
BRDA:164,34,0,5
BRDA:164,34,1,12
BRDA:164,35,0,17
BRDA:164,35,1,7
BRDA:165,36,0,1
BRDA:165,36,1,16
BRDA:165,37,0,17
BRDA:165,37,1,10
BRDA:168,38,0,2
BRDA:168,38,1,15
BRF:79
BRH:78
end_of_record
