TN:
SF:index.js
FN:45,getCryptoKey
FN:51,encrypt
FN:56,decryptLegacyCbc
FN:60,decryptCurrentGcm
FN:64,decryptStoredNotionKey
FN:81,resolveUserEmailFromGoogleToken
FN:99,getDecryptedNotionKeyAndMigrate
FN:117,(anonymous_7)
FN:155,(anonymous_8)
FN:204,(anonymous_9)
FN:237,(anonymous_10)
FN:298,(anonymous_11)
FN:409,(anonymous_12)
FN:431,(anonymous_13)
FN:464,uploadFileToNotion
FN:512,fetchWithTimeout
FN:514,(anonymous_16)
FN:526,callGeminiModel
FN:556,(anonymous_18)
FN:583,getPlannerDataFromImage
FN:627,syncCalendarEvents
FN:642,(anonymous_21)
FN:670,syncGoogleTasks
FN:691,updateCompletedTasks
FN:694,(anonymous_24)
FN:695,(anonymous_25)
FN:711,(anonymous_26)
FN:726,syncExpensesToSheet
FN:730,(anonymous_28)
FN:753,syncHealthToSheet
FN:783,syncBrainDumpToNotion
FN:838,getMorningPrompt
FN:859,getEveningPrompt
FN:882,getJournalDatePrompt
FNF:34
FNH:30
FNDA:8,getCryptoKey
FNDA:1,encrypt
FNDA:0,decryptLegacyCbc
FNDA:7,decryptCurrentGcm
FNDA:7,decryptStoredNotionKey
FNDA:14,resolveUserEmailFromGoogleToken
FNDA:7,getDecryptedNotionKeyAndMigrate
FNDA:4,(anonymous_7)
FNDA:6,(anonymous_8)
FNDA:4,(anonymous_9)
FNDA:17,(anonymous_10)
FNDA:0,(anonymous_11)
FNDA:3,(anonymous_12)
FNDA:11,(anonymous_13)
FNDA:6,uploadFileToNotion
FNDA:14,fetchWithTimeout
FNDA:0,(anonymous_16)
FNDA:14,callGeminiModel
FNDA:0,(anonymous_18)
FNDA:11,getPlannerDataFromImage
FNDA:3,syncCalendarEvents
FNDA:4,(anonymous_21)
FNDA:3,syncGoogleTasks
FNDA:4,updateCompletedTasks
FNDA:2,(anonymous_24)
FNDA:2,(anonymous_25)
FNDA:1,(anonymous_26)
FNDA:4,syncExpensesToSheet
FNDA:1,(anonymous_28)
FNDA:4,syncHealthToSheet
FNDA:3,syncBrainDumpToNotion
FNDA:4,getMorningPrompt
FNDA:4,getEveningPrompt
FNDA:3,getJournalDatePrompt
DA:1,1
DA:2,1
DA:10,1
DA:15,1
DA:16,1
DA:17,1
DA:20,1
DA:40,1
DA:41,1
DA:42,1
DA:46,8
DA:47,8
DA:52,1
DA:53,1
DA:57,0
DA:61,7
DA:65,7
DA:66,7
DA:67,7
DA:68,7
DA:70,0
DA:71,0
DA:74,0
DA:76,0
DA:77,0
DA:82,14
DA:83,0
DA:86,14
DA:87,14
DA:88,14
DA:89,14
DA:90,14
DA:91,13
DA:93,13
DA:94,0
DA:96,13
DA:100,7
DA:101,0
DA:104,7
DA:105,7
DA:106,1
DA:109,6
DA:110,0
DA:113,6
DA:117,1
DA:118,4
DA:119,4
DA:120,4
DA:122,4
DA:123,1
DA:125,3
DA:126,0
DA:129,3
DA:130,3
DA:131,3
DA:132,3
DA:134,3
DA:135,1
DA:138,2
DA:139,2
DA:141,1
DA:142,1
DA:143,1
DA:144,1
DA:146,1
DA:147,1
DA:149,1
DA:150,1
DA:155,1
DA:156,6
DA:157,6
DA:158,6
DA:160,6
DA:161,1
DA:163,5
DA:164,0
DA:167,5
DA:168,5
DA:169,5
DA:171,4
DA:172,4
DA:173,3
DA:174,3
DA:175,2
DA:176,2
DA:177,2
DA:179,2
DA:186,2
DA:187,1
DA:188,1
DA:195,2
DA:196,2
DA:198,1
DA:199,1
DA:204,1
DA:205,4
DA:206,4
DA:207,4
DA:209,4
DA:210,1
DA:212,3
DA:213,0
DA:216,3
DA:217,3
DA:218,3
DA:220,2
DA:221,2
DA:222,2
DA:223,2
DA:224,1
DA:225,1
DA:226,1
DA:228,1
DA:229,1
DA:231,0
DA:232,0
DA:237,1
DA:238,17
DA:239,17
DA:240,16
DA:242,15
DA:243,0
DA:245,15
DA:246,0
DA:249,15
DA:250,15
DA:251,15
DA:252,15
DA:254,15
DA:255,14
DA:256,13
DA:258,12
DA:260,12
DA:261,12
DA:262,12
DA:264,12
DA:265,12
DA:266,12
DA:269,12
DA:270,12
DA:271,12
DA:272,12
DA:275,12
DA:276,12
DA:277,12
DA:280,12
DA:281,4
DA:282,1
DA:286,3
DA:287,3
DA:288,3
DA:289,3
DA:292,3
DA:294,3
DA:296,3
DA:299,0
DA:300,0
DA:304,1
DA:305,1
DA:306,1
DA:307,1
DA:311,1
DA:313,1
DA:329,1
DA:334,8
DA:336,8
DA:337,4
DA:338,4
DA:340,3
DA:341,0
DA:344,3
DA:347,3
DA:352,3
DA:353,3
DA:354,3
DA:356,4
DA:358,4
DA:359,4
DA:360,4
DA:362,4
DA:365,4
DA:366,4
DA:369,4
DA:370,4
DA:371,1
DA:372,1
DA:381,1
DA:383,1
DA:387,1
DA:392,1
DA:393,1
DA:397,4
DA:399,4
DA:405,4
DA:406,4
DA:408,4
DA:409,3
DA:410,3
DA:411,3
DA:412,3
DA:413,3
DA:415,0
DA:416,0
DA:419,3
DA:421,1
DA:424,0
DA:428,4
DA:431,4
DA:432,11
DA:433,0
DA:434,0
DA:437,4
DA:438,4
DA:439,4
DA:441,4
DA:442,4
DA:443,4
DA:445,4
DA:446,4
DA:448,0
DA:451,4
DA:452,4
DA:455,3
DA:458,3
DA:459,3
DA:465,6
DA:466,6
DA:468,6
DA:481,6
DA:482,5
DA:483,5
DA:485,5
DA:488,5
DA:489,5
DA:490,5
DA:492,5
DA:501,4
DA:503,4
DA:504,4
DA:506,2
DA:507,2
DA:513,14
DA:514,14
DA:515,14
DA:516,14
DA:517,14
DA:518,14
DA:520,0
DA:521,0
DA:527,14
DA:528,14
DA:529,14
DA:539,14
DA:540,14
DA:542,14
DA:543,14
DA:544,14
DA:550,14
DA:551,4
DA:552,0
DA:553,0
DA:554,0
DA:555,0
DA:556,0
DA:557,0
DA:559,0
DA:561,4
DA:562,0
DA:563,0
DA:566,10
DA:567,10
DA:568,0
DA:570,10
DA:574,4
DA:576,4
DA:577,4
DA:584,11
DA:585,11
DA:586,11
DA:588,11
DA:589,0
DA:591,11
DA:592,0
DA:598,11
DA:603,11
DA:610,11
DA:612,11
DA:613,14
DA:614,14
DA:616,4
DA:618,4
DA:619,3
DA:624,1
DA:628,3
DA:629,3
DA:630,2
DA:631,2
DA:634,2
DA:637,2
DA:642,2
DA:643,4
DA:644,4
DA:647,2
DA:648,2
DA:649,2
DA:651,2
DA:663,2
DA:664,2
DA:667,3
DA:671,3
DA:672,3
DA:673,3
DA:675,3
DA:676,1
DA:677,1
DA:685,1
DA:688,3
DA:693,4
DA:694,2
DA:695,2
DA:697,4
DA:700,2
DA:705,2
DA:706,2
DA:708,1
DA:709,1
DA:711,1
DA:713,1
DA:714,1
DA:715,1
DA:720,1
DA:723,1
DA:727,4
DA:730,1
DA:737,1
DA:739,1
DA:740,1
DA:746,1
DA:748,0
DA:749,0
DA:754,4
DA:757,1
DA:766,1
DA:768,1
DA:769,1
DA:775,1
DA:777,0
DA:778,0
DA:784,3
DA:786,3
DA:787,0
DA:788,0
DA:791,3
DA:792,3
DA:793,3
DA:795,3
DA:796,3
DA:799,3
DA:800,1
DA:810,3
DA:811,3
DA:821,3
DA:828,3
DA:830,0
DA:831,0
DA:839,4
DA:860,4
DA:883,3
LF:368
LH:320
BRDA:52,0,0,0
BRDA:52,0,1,1
BRDA:65,1,0,0
BRDA:65,1,1,7
BRDA:67,2,0,7
BRDA:67,2,1,0
BRDA:70,3,0,0
BRDA:70,3,1,0
BRDA:82,4,0,0
BRDA:82,4,1,14
BRDA:93,5,0,0
BRDA:93,5,1,13
BRDA:100,6,0,0
BRDA:100,6,1,7
BRDA:105,7,0,1
BRDA:105,7,1,6
BRDA:109,8,0,0
BRDA:109,8,1,6
BRDA:119,9,0,0
BRDA:119,9,1,4
BRDA:120,10,0,0
BRDA:120,10,1,4
BRDA:122,11,0,1
BRDA:122,11,1,3
BRDA:125,12,0,0
BRDA:125,12,1,3
BRDA:129,13,0,3
BRDA:129,13,1,1
BRDA:131,14,0,2
BRDA:131,14,1,1
BRDA:134,15,0,1
BRDA:134,15,1,2
BRDA:134,16,0,3
BRDA:134,16,1,2
BRDA:134,16,2,2
BRDA:157,17,0,0
BRDA:157,17,1,6
BRDA:158,18,0,0
BRDA:158,18,1,6
BRDA:160,19,0,1
BRDA:160,19,1,5
BRDA:163,20,0,0
BRDA:163,20,1,5
BRDA:167,21,0,5
BRDA:167,21,1,0
BRDA:169,22,0,1
BRDA:169,22,1,4
BRDA:174,23,0,1
BRDA:174,23,1,2
BRDA:186,24,0,1
BRDA:186,24,1,1
BRDA:190,25,0,1
BRDA:190,25,1,0
BRDA:206,26,0,0
BRDA:206,26,1,4
BRDA:207,27,0,0
BRDA:207,27,1,4
BRDA:209,28,0,1
BRDA:209,28,1,3
BRDA:212,29,0,0
BRDA:212,29,1,3
BRDA:216,30,0,3
BRDA:216,30,1,0
BRDA:218,31,0,1
BRDA:218,31,1,2
BRDA:223,32,0,1
BRDA:223,32,1,1
BRDA:239,33,0,1
BRDA:239,33,1,16
BRDA:240,34,0,1
BRDA:240,34,1,15
BRDA:242,35,0,0
BRDA:242,35,1,15
BRDA:245,36,0,0
BRDA:245,36,1,15
BRDA:249,37,0,15
BRDA:249,37,1,0
BRDA:254,38,0,1
BRDA:254,38,1,14
BRDA:255,39,0,1
BRDA:255,39,1,13
BRDA:256,40,0,1
BRDA:256,40,1,12
BRDA:272,41,0,11
BRDA:272,41,1,1
BRDA:280,42,0,4
BRDA:280,42,1,8
BRDA:281,43,0,1
BRDA:281,43,1,3
BRDA:281,44,0,4
BRDA:281,44,1,3
BRDA:288,45,0,0
BRDA:288,45,1,3
BRDA:305,46,0,1
BRDA:305,46,1,0
BRDA:305,47,0,1
BRDA:305,47,1,1
BRDA:336,48,0,4
BRDA:336,48,1,4
BRDA:340,49,0,0
BRDA:340,49,1,3
BRDA:356,50,0,4
BRDA:356,50,1,0
BRDA:360,51,0,0
BRDA:360,51,1,4
BRDA:366,52,0,1
BRDA:366,52,1,3
BRDA:370,53,0,1
BRDA:370,53,1,3
BRDA:405,54,0,4
BRDA:405,54,1,0
BRDA:405,55,0,4
BRDA:405,55,1,4
BRDA:408,56,0,3
BRDA:408,56,1,1
BRDA:432,57,0,11
BRDA:432,57,1,0
BRDA:433,58,0,0
BRDA:433,58,1,0
BRDA:434,59,0,0
BRDA:434,59,1,0
BRDA:439,60,0,3
BRDA:439,60,1,1
BRDA:441,61,0,1
BRDA:441,61,1,3
BRDA:442,62,0,1
BRDA:442,62,1,3
BRDA:443,63,0,3
BRDA:443,63,1,1
BRDA:445,64,0,0
BRDA:445,64,1,4
BRDA:458,65,0,0
BRDA:458,65,1,3
BRDA:481,66,0,1
BRDA:481,66,1,5
BRDA:501,67,0,0
BRDA:501,67,1,4
BRDA:512,68,0,0
BRDA:550,69,0,4
BRDA:550,69,1,10
BRDA:551,70,0,0
BRDA:551,70,1,4
BRDA:553,71,0,0
BRDA:553,71,1,0
BRDA:561,72,0,4
BRDA:561,72,1,0
BRDA:567,73,0,0
BRDA:567,73,1,10
BRDA:567,74,0,10
BRDA:567,74,1,10
BRDA:574,75,0,0
BRDA:574,75,1,4
BRDA:574,76,0,4
BRDA:574,76,1,0
BRDA:574,76,2,0
BRDA:588,77,0,0
BRDA:588,77,1,11
BRDA:588,78,0,11
BRDA:588,78,1,11
BRDA:591,79,0,0
BRDA:591,79,1,11
BRDA:598,80,0,4
BRDA:598,80,1,7
BRDA:599,81,0,3
BRDA:599,81,1,4
BRDA:618,82,0,3
BRDA:618,82,1,1
BRDA:624,83,0,1
BRDA:624,83,1,0
BRDA:629,84,0,3
BRDA:629,84,1,0
BRDA:630,85,0,2
BRDA:630,85,1,0
BRDA:630,86,0,2
BRDA:630,86,1,0
BRDA:630,86,2,2
BRDA:634,87,0,0
BRDA:634,87,1,2
BRDA:659,88,0,1
BRDA:659,88,1,1
BRDA:663,89,0,2
BRDA:663,89,1,0
BRDA:664,90,0,1
BRDA:664,90,1,1
BRDA:675,91,0,3
BRDA:675,91,1,0
BRDA:676,92,0,1
BRDA:676,92,1,0
BRDA:681,93,0,0
BRDA:681,93,1,1
BRDA:693,94,0,4
BRDA:693,94,1,0
BRDA:697,95,0,2
BRDA:697,95,1,2
BRDA:706,96,0,1
BRDA:706,96,1,1
BRDA:706,97,0,2
BRDA:706,97,1,1
BRDA:713,98,0,1
BRDA:713,98,1,0
BRDA:727,99,0,3
BRDA:727,99,1,1
BRDA:727,100,0,4
BRDA:727,100,1,4
BRDA:754,101,0,3
BRDA:754,101,1,1
BRDA:754,102,0,4
BRDA:754,102,1,4
BRDA:759,103,0,1
BRDA:759,103,1,0
BRDA:760,104,0,1
BRDA:760,104,1,0
BRDA:761,105,0,1
BRDA:761,105,1,0
BRDA:762,106,0,1
BRDA:762,106,1,0
BRDA:784,107,0,0
BRDA:784,107,1,3
BRDA:784,108,0,3
BRDA:784,108,1,1
BRDA:784,108,2,2
BRDA:786,109,0,0
BRDA:786,109,1,3
BRDA:786,110,0,3
BRDA:786,110,1,3
BRDA:799,111,0,1
BRDA:799,111,1,2
BRDA:810,112,0,3
BRDA:810,112,1,0
BRF:229
BRH:162
end_of_record
TN:
SF:utils.js
FN:22,deriveKey
FN:27,encrypt
FN:36,decryptCurrentGcm
FN:49,decryptLegacyCbc
FN:61,decryptStoredNotionKey
FN:78,sanitizeSyncType
FN:83,parseImageDataUrl
FN:96,normalizeNotionDbId
FN:102,isLikelyNotionKey
FN:109,isJsonRequest
FN:115,setStandardHeaders
FN:120,applyCors
FN:130,handleOptions
FN:142,validateTokenFormat
FN:149,parseDateTime
FNF:15
FNH:15
FNDA:17,deriveKey
FNDA:15,encrypt
FNDA:18,decryptCurrentGcm
FNDA:4,decryptLegacyCbc
FNDA:7,decryptStoredNotionKey
FNDA:27,sanitizeSyncType
FNDA:30,parseImageDataUrl
FNDA:16,normalizeNotionDbId
FNDA:16,isLikelyNotionKey
FNDA:33,isJsonRequest
FNDA:32,setStandardHeaders
FNDA:40,applyCors
FNDA:35,handleOptions
FNDA:25,validateTokenFormat
FNDA:32,parseDateTime
DA:6,2
DA:9,2
DA:10,2
DA:11,2
DA:12,2
DA:18,2
DA:19,2
DA:23,17
DA:24,14
DA:28,15
DA:29,12
DA:30,12
DA:31,12
DA:32,12
DA:33,12
DA:37,18
DA:38,18
DA:40,14
DA:41,14
DA:42,14
DA:43,14
DA:44,14
DA:45,13
DA:46,11
DA:50,4
DA:51,4
DA:53,2
DA:54,2
DA:55,2
DA:56,2
DA:57,2
DA:58,2
DA:62,7
DA:63,4
DA:64,4
DA:65,2
DA:67,2
DA:68,1
DA:71,1
DA:73,1
DA:79,27
DA:80,27
DA:84,30
DA:85,27
DA:87,26
DA:88,26
DA:90,20
DA:97,16
DA:98,12
DA:99,12
DA:103,16
DA:104,13
DA:105,13
DA:106,9
DA:110,33
DA:111,33
DA:116,32
DA:117,32
DA:121,40
DA:122,40
DA:123,10
DA:125,6
DA:126,6
DA:127,6
DA:131,35
DA:132,3
DA:133,1
DA:134,1
DA:136,2
DA:137,2
DA:138,2
DA:139,2
DA:143,25
DA:144,20
DA:145,18
DA:146,17
DA:150,32
DA:152,27
DA:153,27
DA:156,27
DA:157,27
DA:159,23
DA:160,23
DA:161,23
DA:162,20
DA:164,19
DA:165,19
DA:167,19
DA:168,19
DA:170,17
DA:171,17
DA:174,2
LF:92
LH:92
BRDA:23,0,0,3
BRDA:23,0,1,14
BRDA:28,1,0,3
BRDA:28,1,1,12
BRDA:38,2,0,4
BRDA:38,2,1,14
BRDA:38,3,0,18
BRDA:38,3,1,15
BRDA:51,4,0,2
BRDA:51,4,1,2
BRDA:62,5,0,3
BRDA:62,5,1,4
BRDA:64,6,0,2
BRDA:64,6,1,2
BRDA:67,7,0,1
BRDA:67,7,1,1
BRDA:79,8,0,23
BRDA:79,8,1,4
BRDA:80,9,0,3
BRDA:80,9,1,24
BRDA:84,10,0,3
BRDA:84,10,1,27
BRDA:85,11,0,1
BRDA:85,11,1,26
BRDA:88,12,0,6
BRDA:88,12,1,20
BRDA:97,13,0,4
BRDA:97,13,1,12
BRDA:99,14,0,6
BRDA:99,14,1,6
BRDA:103,15,0,3
BRDA:103,15,1,13
BRDA:105,16,0,4
BRDA:105,16,1,9
BRDA:105,17,0,13
BRDA:105,17,1,11
BRDA:110,18,0,33
BRDA:110,18,1,2
BRDA:122,19,0,30
BRDA:122,19,1,10
BRDA:123,20,0,4
BRDA:123,20,1,6
BRDA:131,21,0,32
BRDA:131,21,1,3
BRDA:132,22,0,1
BRDA:132,22,1,2
BRDA:143,23,0,5
BRDA:143,23,1,20
BRDA:144,24,0,2
BRDA:144,24,1,18
BRDA:145,25,0,1
BRDA:145,25,1,17
BRDA:150,26,0,5
BRDA:150,26,1,27
BRDA:150,27,0,32
BRDA:150,27,1,28
BRDA:157,28,0,4
BRDA:157,28,1,23
BRDA:160,29,0,6
BRDA:160,29,1,17
BRDA:161,30,0,3
BRDA:161,30,1,20
BRDA:161,31,0,23
BRDA:161,31,1,23
BRDA:161,31,2,22
BRDA:162,32,0,1
BRDA:162,32,1,19
BRDA:162,33,0,20
BRDA:162,33,1,20
BRDA:164,34,0,5
BRDA:164,34,1,14
BRDA:164,35,0,19
BRDA:164,35,1,7
BRDA:165,36,0,1
BRDA:165,36,1,18
BRDA:165,37,0,19
BRDA:165,37,1,12
BRDA:168,38,0,2
BRDA:168,38,1,17
BRF:79
BRH:79
end_of_record
